2024/04/05 22:37:19 rename /home/nightcat/Downloads/aaa(1) ./.superfile/trash/aaa(1): file exists
2024/04/05 22:37:21 /home/nightcat/Downloads/aaa
2024/04/05 22:37:40 /run/media/nightcat/Movie HHD/影集/權力遊戲/Season 1
2024/04/05 22:37:58 rename /home/nightcat/Downloads/aaa(1) ./.superfile/trash/aaa(1): file exists
2024/04/05 22:38:22 rename /home/nightcat/Downloads/aaa(1) ./.superfile/trash/aaa(1): file exists
2024/04/05 22:38:24 rename /home/nightcat/Downloads/aaa(1) ./.superfile/trash/aaa(1): file exists
2024/04/05 22:40:10 /home/nightcat/Pictures/Screenshots
2024/04/05 22:40:42 /home/nightcat/Pictures/Screenshots
2024/04/05 22:43:12 /home/nightcat/Pictures/Screenshots
2024/04/05 22:43:26 /home/nightcat/Pictures/Screenshots/Screenshot from 2024-04-05 22-42-35-1.png
2024/04/05 22:43:26 /home/nightcat/Pictures/Screenshots/Screenshot from 2024-04-05 22-42-35-2.png
2024/04/05 22:43:26 /home/nightcat/Pictures/Screenshots/Screenshot from 2024-04-05 22-42-35.png
2024/04/05 22:43:26 /home/nightcat/Pictures/Screenshots/Screenshot from 2024-04-05 22-42-36-1.png
2024/04/05 22:43:26 /home/nightcat/Pictures/Screenshots/Screenshot from 2024-04-05 22-42-36.png
2024/04/05 22:43:27 /home/nightcat/Pictures/Screenshots/Screenshot from 2024-04-05 22-42-35-1.png
2024/04/05 22:43:27 /home/nightcat/Pictures/Screenshots/Screenshot from 2024-04-05 22-42-35-2.png
2024/04/05 22:43:27 /home/nightcat/Pictures/Screenshots/Screenshot from 2024-04-05 22-42-35.png
2024/04/05 22:43:27 /home/nightcat/Pictures/Screenshots/Screenshot from 2024-04-05 22-42-36-1.png
2024/04/05 22:43:27 /home/nightcat/Pictures/Screenshots/Screenshot from 2024-04-05 22-42-36.png
2024/04/05 22:43:27 /home/nightcat/Pictures/Screenshots/Screenshot from 2024-04-05 22-42-35-1.png
2024/04/05 22:43:27 /home/nightcat/Pictures/Screenshots/Screenshot from 2024-04-05 22-42-35-2.png
2024/04/05 22:43:27 /home/nightcat/Pictures/Screenshots/Screenshot from 2024-04-05 22-42-35.png
2024/04/05 22:43:27 /home/nightcat/Pictures/Screenshots/Screenshot from 2024-04-05 22-42-36-1.png
2024/04/05 22:43:27 /home/nightcat/Pictures/Screenshots/Screenshot from 2024-04-05 22-42-36.png
2024/04/05 22:43:28 /home/nightcat/Pictures/Screenshots/Screenshot from 2024-04-05 22-42-35-1.png
2024/04/05 22:43:28 /home/nightcat/Pictures/Screenshots/Screenshot from 2024-04-05 22-42-35-2.png
2024/04/05 22:43:28 /home/nightcat/Pictures/Screenshots/Screenshot from 2024-04-05 22-42-35.png
2024/04/05 22:43:28 /home/nightcat/Pictures/Screenshots/Screenshot from 2024-04-05 22-42-36-1.png
2024/04/05 22:43:28 /home/nightcat/Pictures/Screenshots/Screenshot from 2024-04-05 22-42-36.png
2024/04/05 22:43:28 /home/nightcat/Pictures/Screenshots/Screenshot from 2024-04-05 22-42-35-1.png
2024/04/05 22:43:28 /home/nightcat/Pictures/Screenshots/Screenshot from 2024-04-05 22-42-35-2.png
2024/04/05 22:43:28 /home/nightcat/Pictures/Screenshots/Screenshot from 2024-04-05 22-42-35.png
2024/04/05 22:43:28 /home/nightcat/Pictures/Screenshots/Screenshot from 2024-04-05 22-42-36-1.png
2024/04/05 22:43:28 /home/nightcat/Pictures/Screenshots/Screenshot from 2024-04-05 22-42-36.png
2024/04/05 22:43:28 /home/nightcat/Pictures/Screenshots/Screenshot from 2024-04-05 22-42-35-1.png
2024/04/05 22:43:28 /home/nightcat/Pictures/Screenshots/Screenshot from 2024-04-05 22-42-35-2.png
2024/04/05 22:43:28 /home/nightcat/Pictures/Screenshots/Screenshot from 2024-04-05 22-42-35.png
2024/04/05 22:43:28 /home/nightcat/Pictures/Screenshots/Screenshot from 2024-04-05 22-42-36-1.png
2024/04/05 22:43:28 /home/nightcat/Pictures/Screenshots/Screenshot from 2024-04-05 22-42-36.png
2024/04/05 22:43:29 /home/nightcat/Pictures/Screenshots/Screenshot from 2024-04-05 22-42-35-1.png
2024/04/05 22:43:29 /home/nightcat/Pictures/Screenshots/Screenshot from 2024-04-05 22-42-35-2.png
2024/04/05 22:43:29 /home/nightcat/Pictures/Screenshots/Screenshot from 2024-04-05 22-42-35.png
2024/04/05 22:43:29 /home/nightcat/Pictures/Screenshots/Screenshot from 2024-04-05 22-42-36-1.png
2024/04/05 22:43:29 /home/nightcat/Pictures/Screenshots/Screenshot from 2024-04-05 22-42-36.png
2024/04/05 22:43:29 /home/nightcat/Pictures/Screenshots/Screenshot from 2024-04-05 22-42-35-1.png
2024/04/05 22:43:29 /home/nightcat/Pictures/Screenshots/Screenshot from 2024-04-05 22-42-35-2.png
2024/04/05 22:43:29 /home/nightcat/Pictures/Screenshots/Screenshot from 2024-04-05 22-42-35.png
2024/04/05 22:43:29 /home/nightcat/Pictures/Screenshots/Screenshot from 2024-04-05 22-42-36-1.png
2024/04/05 22:43:29 /home/nightcat/Pictures/Screenshots/Screenshot from 2024-04-05 22-42-36.png
2024/04/05 22:43:30 /home/nightcat/Pictures/Screenshots/Screenshot from 2024-04-05 22-42-35-1.png
2024/04/05 22:43:30 /home/nightcat/Pictures/Screenshots/Screenshot from 2024-04-05 22-42-35-2.png
2024/04/05 22:43:30 /home/nightcat/Pictures/Screenshots/Screenshot from 2024-04-05 22-42-35.png
2024/04/05 22:43:30 /home/nightcat/Pictures/Screenshots/Screenshot from 2024-04-05 22-42-36-1.png
2024/04/05 22:43:30 /home/nightcat/Pictures/Screenshots/Screenshot from 2024-04-05 22-42-36.png
2024/04/05 22:43:30 /home/nightcat/Pictures/Screenshots/Screenshot from 2024-04-05 22-42-35-1.png
2024/04/05 22:43:30 /home/nightcat/Pictures/Screenshots/Screenshot from 2024-04-05 22-42-35-2.png
2024/04/05 22:43:30 /home/nightcat/Pictures/Screenshots/Screenshot from 2024-04-05 22-42-35.png
2024/04/05 22:43:30 /home/nightcat/Pictures/Screenshots/Screenshot from 2024-04-05 22-42-36-1.png
2024/04/05 22:43:30 /home/nightcat/Pictures/Screenshots/Screenshot from 2024-04-05 22-42-36.png
2024/04/05 22:43:36 /home/nightcat/Pictures/Screenshots
2024/04/05 22:43:42 /home/nightcat/Downloads/Screenshots/Screenshot from 2024-04-05 22-42-35(1).png
2024/04/05 22:43:42 /home/nightcat/Downloads/Screenshots/Screenshot from 2024-04-05 22-42-35(10).png
2024/04/05 22:43:42 /home/nightcat/Downloads/Screenshots/Screenshot from 2024-04-05 22-42-35(2).png
2024/04/05 22:43:42 /home/nightcat/Downloads/Screenshots/Screenshot from 2024-04-05 22-42-35(3).png
2024/04/05 22:43:42 /home/nightcat/Downloads/Screenshots/Screenshot from 2024-04-05 22-42-35(4).png
2024/04/05 22:43:42 /home/nightcat/Downloads/Screenshots/Screenshot from 2024-04-05 22-42-35(5).png
2024/04/05 22:43:42 /home/nightcat/Downloads/Screenshots/Screenshot from 2024-04-05 22-42-35(6).png
2024/04/05 22:43:42 /home/nightcat/Downloads/Screenshots/Screenshot from 2024-04-05 22-42-35(7).png
2024/04/05 22:43:42 /home/nightcat/Downloads/Screenshots/Screenshot from 2024-04-05 22-42-35(8).png
2024/04/05 22:43:42 /home/nightcat/Downloads/Screenshots/Screenshot from 2024-04-05 22-42-35(9).png
2024/04/05 22:43:42 /home/nightcat/Downloads/Screenshots/Screenshot from 2024-04-05 22-42-35-1(1).png
2024/04/05 22:43:42 /home/nightcat/Downloads/Screenshots/Screenshot from 2024-04-05 22-42-35-1(10).png
2024/04/05 22:43:42 /home/nightcat/Downloads/Screenshots/Screenshot from 2024-04-05 22-42-35-1(2).png
2024/04/05 22:43:42 /home/nightcat/Downloads/Screenshots/Screenshot from 2024-04-05 22-42-35-1(3).png
2024/04/05 22:43:42 /home/nightcat/Downloads/Screenshots/Screenshot from 2024-04-05 22-42-35-1(4).png
2024/04/05 22:43:42 /home/nightcat/Downloads/Screenshots/Screenshot from 2024-04-05 22-42-35-1(5).png
2024/04/05 22:43:42 /home/nightcat/Downloads/Screenshots/Screenshot from 2024-04-05 22-42-35-1(6).png
2024/04/05 22:43:42 /home/nightcat/Downloads/Screenshots/Screenshot from 2024-04-05 22-42-35-1(7).png
2024/04/05 22:43:42 /home/nightcat/Downloads/Screenshots/Screenshot from 2024-04-05 22-42-35-1(8).png
2024/04/05 22:43:42 /home/nightcat/Downloads/Screenshots/Screenshot from 2024-04-05 22-42-35-1(9).png
2024/04/05 22:43:42 /home/nightcat/Downloads/Screenshots/Screenshot from 2024-04-05 22-42-35-1.png
2024/04/05 22:43:42 /home/nightcat/Downloads/Screenshots/Screenshot from 2024-04-05 22-42-35-2(1).png
2024/04/05 22:43:42 /home/nightcat/Downloads/Screenshots/Screenshot from 2024-04-05 22-42-35-2(10).png
2024/04/05 22:43:42 /home/nightcat/Downloads/Screenshots/Screenshot from 2024-04-05 22-42-35-2(2).png
2024/04/05 22:43:42 /home/nightcat/Downloads/Screenshots/Screenshot from 2024-04-05 22-42-35-2(3).png
2024/04/05 22:43:42 /home/nightcat/Downloads/Screenshots/Screenshot from 2024-04-05 22-42-35-2(4).png
2024/04/05 22:43:42 /home/nightcat/Downloads/Screenshots/Screenshot from 2024-04-05 22-42-35-2(5).png
2024/04/05 22:43:42 /home/nightcat/Downloads/Screenshots/Screenshot from 2024-04-05 22-42-35-2(6).png
2024/04/05 22:43:42 /home/nightcat/Downloads/Screenshots/Screenshot from 2024-04-05 22-42-35-2(7).png
2024/04/05 22:43:42 /home/nightcat/Downloads/Screenshots/Screenshot from 2024-04-05 22-42-35-2(8).png
2024/04/05 22:43:42 /home/nightcat/Downloads/Screenshots/Screenshot from 2024-04-05 22-42-35-2(9).png
2024/04/05 22:43:42 /home/nightcat/Downloads/Screenshots/Screenshot from 2024-04-05 22-42-35-2.png
2024/04/05 22:43:42 /home/nightcat/Downloads/Screenshots/Screenshot from 2024-04-05 22-42-35.png
2024/04/05 22:43:42 /home/nightcat/Downloads/Screenshots/Screenshot from 2024-04-05 22-42-36(1).png
2024/04/05 22:43:42 /home/nightcat/Downloads/Screenshots/Screenshot from 2024-04-05 22-42-36(10).png
2024/04/05 22:43:42 /home/nightcat/Downloads/Screenshots/Screenshot from 2024-04-05 22-42-36(2).png
2024/04/05 22:43:42 /home/nightcat/Downloads/Screenshots/Screenshot from 2024-04-05 22-42-36(3).png
2024/04/05 22:43:42 /home/nightcat/Downloads/Screenshots/Screenshot from 2024-04-05 22-42-36(4).png
2024/04/05 22:43:42 /home/nightcat/Downloads/Screenshots/Screenshot from 2024-04-05 22-42-36(5).png
2024/04/05 22:43:42 /home/nightcat/Downloads/Screenshots/Screenshot from 2024-04-05 22-42-36(6).png
2024/04/05 22:43:42 /home/nightcat/Downloads/Screenshots/Screenshot from 2024-04-05 22-42-36(7).png
2024/04/05 22:43:42 /home/nightcat/Downloads/Screenshots/Screenshot from 2024-04-05 22-42-36(8).png
2024/04/05 22:43:42 /home/nightcat/Downloads/Screenshots/Screenshot from 2024-04-05 22-42-36(9).png
2024/04/05 22:43:42 /home/nightcat/Downloads/Screenshots/Screenshot from 2024-04-05 22-42-36-1(1).png
2024/04/05 22:43:42 /home/nightcat/Downloads/Screenshots/Screenshot from 2024-04-05 22-42-36-1(10).png
2024/04/05 22:43:42 /home/nightcat/Downloads/Screenshots/Screenshot from 2024-04-05 22-42-36-1(2).png
2024/04/05 22:43:42 /home/nightcat/Downloads/Screenshots/Screenshot from 2024-04-05 22-42-36-1(3).png
2024/04/05 22:43:42 /home/nightcat/Downloads/Screenshots/Screenshot from 2024-04-05 22-42-36-1(4).png
2024/04/05 22:43:42 /home/nightcat/Downloads/Screenshots/Screenshot from 2024-04-05 22-42-36-1(5).png
2024/04/05 22:43:42 /home/nightcat/Downloads/Screenshots/Screenshot from 2024-04-05 22-42-36-1(6).png
2024/04/05 22:43:42 /home/nightcat/Downloads/Screenshots/Screenshot from 2024-04-05 22-42-36-1(7).png
2024/04/05 22:43:42 /home/nightcat/Downloads/Screenshots/Screenshot from 2024-04-05 22-42-36-1(8).png
2024/04/05 22:43:42 /home/nightcat/Downloads/Screenshots/Screenshot from 2024-04-05 22-42-36-1(9).png
2024/04/05 22:43:42 /home/nightcat/Downloads/Screenshots/Screenshot from 2024-04-05 22-42-36-1.png
2024/04/05 22:43:42 /home/nightcat/Downloads/Screenshots/Screenshot from 2024-04-05 22-42-36.png
2024/04/05 22:43:47 /home/nightcat/Downloads/Screenshots/Screenshot from 2024-04-05 22-42-35(1).png
2024/04/05 22:43:47 /home/nightcat/Downloads/Screenshots/Screenshot from 2024-04-05 22-42-35(10).png
2024/04/05 22:43:47 /home/nightcat/Downloads/Screenshots/Screenshot from 2024-04-05 22-42-35(2).png
2024/04/05 22:43:47 /home/nightcat/Downloads/Screenshots/Screenshot from 2024-04-05 22-42-35(3).png
2024/04/05 22:43:47 /home/nightcat/Downloads/Screenshots/Screenshot from 2024-04-05 22-42-35(4).png
2024/04/05 22:43:47 /home/nightcat/Downloads/Screenshots/Screenshot from 2024-04-05 22-42-35(5).png
2024/04/05 22:43:47 /home/nightcat/Downloads/Screenshots/Screenshot from 2024-04-05 22-42-35(6).png
2024/04/05 22:43:47 /home/nightcat/Downloads/Screenshots/Screenshot from 2024-04-05 22-42-35(7).png
2024/04/05 22:43:47 /home/nightcat/Downloads/Screenshots/Screenshot from 2024-04-05 22-42-35(8).png
2024/04/05 22:43:47 /home/nightcat/Downloads/Screenshots/Screenshot from 2024-04-05 22-42-35(9).png
2024/04/05 22:43:47 /home/nightcat/Downloads/Screenshots/Screenshot from 2024-04-05 22-42-35-1(1).png
2024/04/05 22:43:47 /home/nightcat/Downloads/Screenshots/Screenshot from 2024-04-05 22-42-35-1(10).png
2024/04/05 22:43:47 /home/nightcat/Downloads/Screenshots/Screenshot from 2024-04-05 22-42-35-1(2).png
2024/04/05 22:43:47 /home/nightcat/Downloads/Screenshots/Screenshot from 2024-04-05 22-42-35-1(3).png
2024/04/05 22:43:47 /home/nightcat/Downloads/Screenshots/Screenshot from 2024-04-05 22-42-35-1(4).png
2024/04/05 22:43:47 /home/nightcat/Downloads/Screenshots/Screenshot from 2024-04-05 22-42-35-1(5).png
2024/04/05 22:43:47 /home/nightcat/Downloads/Screenshots/Screenshot from 2024-04-05 22-42-35-1(6).png
2024/04/05 22:43:47 /home/nightcat/Downloads/Screenshots/Screenshot from 2024-04-05 22-42-35-1(7).png
2024/04/05 22:43:47 /home/nightcat/Downloads/Screenshots/Screenshot from 2024-04-05 22-42-35-1(8).png
2024/04/05 22:43:47 /home/nightcat/Downloads/Screenshots/Screenshot from 2024-04-05 22-42-35-1(9).png
2024/04/05 22:43:47 /home/nightcat/Downloads/Screenshots/Screenshot from 2024-04-05 22-42-35-1.png
2024/04/05 22:43:47 /home/nightcat/Downloads/Screenshots/Screenshot from 2024-04-05 22-42-35-2(1).png
2024/04/05 22:43:47 /home/nightcat/Downloads/Screenshots/Screenshot from 2024-04-05 22-42-35-2(10).png
2024/04/05 22:43:47 /home/nightcat/Downloads/Screenshots/Screenshot from 2024-04-05 22-42-35-2(2).png
2024/04/05 22:43:47 /home/nightcat/Downloads/Screenshots/Screenshot from 2024-04-05 22-42-35-2(3).png
2024/04/05 22:43:47 /home/nightcat/Downloads/Screenshots/Screenshot from 2024-04-05 22-42-35-2(4).png
2024/04/05 22:43:47 /home/nightcat/Downloads/Screenshots/Screenshot from 2024-04-05 22-42-35-2(5).png
2024/04/05 22:43:47 /home/nightcat/Downloads/Screenshots/Screenshot from 2024-04-05 22-42-35-2(6).png
2024/04/05 22:43:47 /home/nightcat/Downloads/Screenshots/Screenshot from 2024-04-05 22-42-35-2(7).png
2024/04/05 22:43:47 /home/nightcat/Downloads/Screenshots/Screenshot from 2024-04-05 22-42-35-2(8).png
2024/04/05 22:43:47 /home/nightcat/Downloads/Screenshots/Screenshot from 2024-04-05 22-42-35-2(9).png
2024/04/05 22:43:47 /home/nightcat/Downloads/Screenshots/Screenshot from 2024-04-05 22-42-35-2.png
2024/04/05 22:43:47 /home/nightcat/Downloads/Screenshots/Screenshot from 2024-04-05 22-42-35.png
2024/04/05 22:43:47 /home/nightcat/Downloads/Screenshots/Screenshot from 2024-04-05 22-42-36(1).png
2024/04/05 22:43:47 /home/nightcat/Downloads/Screenshots/Screenshot from 2024-04-05 22-42-36(10).png
2024/04/05 22:43:47 /home/nightcat/Downloads/Screenshots/Screenshot from 2024-04-05 22-42-36(2).png
2024/04/05 22:43:47 /home/nightcat/Downloads/Screenshots/Screenshot from 2024-04-05 22-42-36(3).png
2024/04/05 22:43:47 /home/nightcat/Downloads/Screenshots/Screenshot from 2024-04-05 22-42-36(4).png
2024/04/05 22:43:47 /home/nightcat/Downloads/Screenshots/Screenshot from 2024-04-05 22-42-36(5).png
2024/04/05 22:43:47 /home/nightcat/Downloads/Screenshots/Screenshot from 2024-04-05 22-42-36(6).png
2024/04/05 22:43:47 /home/nightcat/Downloads/Screenshots/Screenshot from 2024-04-05 22-42-36(7).png
2024/04/05 22:43:47 /home/nightcat/Downloads/Screenshots/Screenshot from 2024-04-05 22-42-36(8).png
2024/04/05 22:43:47 /home/nightcat/Downloads/Screenshots/Screenshot from 2024-04-05 22-42-36(9).png
2024/04/05 22:43:47 /home/nightcat/Downloads/Screenshots/Screenshot from 2024-04-05 22-42-36-1(1).png
2024/04/05 22:43:47 /home/nightcat/Downloads/Screenshots/Screenshot from 2024-04-05 22-42-36-1(10).png
2024/04/05 22:43:47 /home/nightcat/Downloads/Screenshots/Screenshot from 2024-04-05 22-42-36-1(2).png
2024/04/05 22:43:47 /home/nightcat/Downloads/Screenshots/Screenshot from 2024-04-05 22-42-36-1(3).png
2024/04/05 22:43:47 /home/nightcat/Downloads/Screenshots/Screenshot from 2024-04-05 22-42-36-1(4).png
2024/04/05 22:43:47 /home/nightcat/Downloads/Screenshots/Screenshot from 2024-04-05 22-42-36-1(5).png
2024/04/05 22:43:47 /home/nightcat/Downloads/Screenshots/Screenshot from 2024-04-05 22-42-36-1(6).png
2024/04/05 22:43:47 /home/nightcat/Downloads/Screenshots/Screenshot from 2024-04-05 22-42-36-1(7).png
2024/04/05 22:43:47 /home/nightcat/Downloads/Screenshots/Screenshot from 2024-04-05 22-42-36-1(8).png
2024/04/05 22:43:47 /home/nightcat/Downloads/Screenshots/Screenshot from 2024-04-05 22-42-36-1(9).png
2024/04/05 22:43:47 /home/nightcat/Downloads/Screenshots/Screenshot from 2024-04-05 22-42-36-1.png
2024/04/05 22:43:47 /home/nightcat/Downloads/Screenshots/Screenshot from 2024-04-05 22-42-36.png
2024/04/05 22:43:53 /home/nightcat/Downloads/Screenshots/Screenshot from 2024-04-05 22-42-35(1).png
2024/04/05 22:43:53 /home/nightcat/Downloads/Screenshots/Screenshot from 2024-04-05 22-42-35(10).png
2024/04/05 22:43:53 /home/nightcat/Downloads/Screenshots/Screenshot from 2024-04-05 22-42-35(2).png
2024/04/05 22:43:53 /home/nightcat/Downloads/Screenshots/Screenshot from 2024-04-05 22-42-35(3).png
2024/04/05 22:43:53 /home/nightcat/Downloads/Screenshots/Screenshot from 2024-04-05 22-42-35(4).png
2024/04/05 22:43:53 /home/nightcat/Downloads/Screenshots/Screenshot from 2024-04-05 22-42-35(5).png
2024/04/05 22:43:53 /home/nightcat/Downloads/Screenshots/Screenshot from 2024-04-05 22-42-35(6).png
2024/04/05 22:43:53 /home/nightcat/Downloads/Screenshots/Screenshot from 2024-04-05 22-42-35(7).png
2024/04/05 22:43:53 /home/nightcat/Downloads/Screenshots/Screenshot from 2024-04-05 22-42-35(8).png
2024/04/05 22:43:53 /home/nightcat/Downloads/Screenshots/Screenshot from 2024-04-05 22-42-35(9).png
2024/04/05 22:43:53 /home/nightcat/Downloads/Screenshots/Screenshot from 2024-04-05 22-42-35-1(1).png
2024/04/05 22:43:53 /home/nightcat/Downloads/Screenshots/Screenshot from 2024-04-05 22-42-35-1(10).png
2024/04/05 22:43:53 /home/nightcat/Downloads/Screenshots/Screenshot from 2024-04-05 22-42-35-1(2).png
2024/04/05 22:43:53 /home/nightcat/Downloads/Screenshots/Screenshot from 2024-04-05 22-42-35-1(3).png
2024/04/05 22:43:53 /home/nightcat/Downloads/Screenshots/Screenshot from 2024-04-05 22-42-35-1(4).png
2024/04/05 22:43:53 /home/nightcat/Downloads/Screenshots/Screenshot from 2024-04-05 22-42-35-1(5).png
2024/04/05 22:43:53 /home/nightcat/Downloads/Screenshots/Screenshot from 2024-04-05 22-42-35-1(6).png
2024/04/05 22:43:53 /home/nightcat/Downloads/Screenshots/Screenshot from 2024-04-05 22-42-35-1(7).png
2024/04/05 22:43:53 /home/nightcat/Downloads/Screenshots/Screenshot from 2024-04-05 22-42-35-1(8).png
2024/04/05 22:43:53 /home/nightcat/Downloads/Screenshots/Screenshot from 2024-04-05 22-42-35-1(9).png
2024/04/05 22:43:53 /home/nightcat/Downloads/Screenshots/Screenshot from 2024-04-05 22-42-35-1.png
2024/04/05 22:43:53 /home/nightcat/Downloads/Screenshots/Screenshot from 2024-04-05 22-42-35-2(1).png
2024/04/05 22:43:53 /home/nightcat/Downloads/Screenshots/Screenshot from 2024-04-05 22-42-35-2(10).png
2024/04/05 22:43:53 /home/nightcat/Downloads/Screenshots/Screenshot from 2024-04-05 22-42-35-2(2).png
2024/04/05 22:43:53 /home/nightcat/Downloads/Screenshots/Screenshot from 2024-04-05 22-42-35-2(3).png
2024/04/05 22:43:53 /home/nightcat/Downloads/Screenshots/Screenshot from 2024-04-05 22-42-35-2(4).png
2024/04/05 22:43:53 /home/nightcat/Downloads/Screenshots/Screenshot from 2024-04-05 22-42-35-2(5).png
2024/04/05 22:43:53 /home/nightcat/Downloads/Screenshots/Screenshot from 2024-04-05 22-42-35-2(6).png
2024/04/05 22:43:53 /home/nightcat/Downloads/Screenshots/Screenshot from 2024-04-05 22-42-35-2(7).png
2024/04/05 22:43:53 /home/nightcat/Downloads/Screenshots/Screenshot from 2024-04-05 22-42-35-2(8).png
2024/04/05 22:43:53 /home/nightcat/Downloads/Screenshots/Screenshot from 2024-04-05 22-42-35-2(9).png
2024/04/05 22:43:53 /home/nightcat/Downloads/Screenshots/Screenshot from 2024-04-05 22-42-35-2.png
2024/04/05 22:43:53 /home/nightcat/Downloads/Screenshots/Screenshot from 2024-04-05 22-42-35.png
2024/04/05 22:43:53 /home/nightcat/Downloads/Screenshots/Screenshot from 2024-04-05 22-42-36(1).png
2024/04/05 22:43:53 /home/nightcat/Downloads/Screenshots/Screenshot from 2024-04-05 22-42-36(10).png
2024/04/05 22:43:53 /home/nightcat/Downloads/Screenshots/Screenshot from 2024-04-05 22-42-36(2).png
2024/04/05 22:43:53 /home/nightcat/Downloads/Screenshots/Screenshot from 2024-04-05 22-42-36(3).png
2024/04/05 22:43:53 /home/nightcat/Downloads/Screenshots/Screenshot from 2024-04-05 22-42-36(4).png
2024/04/05 22:43:53 /home/nightcat/Downloads/Screenshots/Screenshot from 2024-04-05 22-42-36(5).png
2024/04/05 22:43:53 /home/nightcat/Downloads/Screenshots/Screenshot from 2024-04-05 22-42-36(6).png
2024/04/05 22:43:53 /home/nightcat/Downloads/Screenshots/Screenshot from 2024-04-05 22-42-36(7).png
2024/04/05 22:43:53 /home/nightcat/Downloads/Screenshots/Screenshot from 2024-04-05 22-42-36(8).png
2024/04/05 22:43:53 /home/nightcat/Downloads/Screenshots/Screenshot from 2024-04-05 22-42-36(9).png
2024/04/05 22:43:53 /home/nightcat/Downloads/Screenshots/Screenshot from 2024-04-05 22-42-36-1(1).png
2024/04/05 22:43:53 /home/nightcat/Downloads/Screenshots/Screenshot from 2024-04-05 22-42-36-1(10).png
2024/04/05 22:43:53 /home/nightcat/Downloads/Screenshots/Screenshot from 2024-04-05 22-42-36-1(2).png
2024/04/05 22:43:53 /home/nightcat/Downloads/Screenshots/Screenshot from 2024-04-05 22-42-36-1(3).png
2024/04/05 22:43:53 /home/nightcat/Downloads/Screenshots/Screenshot from 2024-04-05 22-42-36-1(4).png
2024/04/05 22:43:53 /home/nightcat/Downloads/Screenshots/Screenshot from 2024-04-05 22-42-36-1(5).png
2024/04/05 22:43:53 /home/nightcat/Downloads/Screenshots/Screenshot from 2024-04-05 22-42-36-1(6).png
2024/04/05 22:43:53 /home/nightcat/Downloads/Screenshots/Screenshot from 2024-04-05 22-42-36-1(7).png
2024/04/05 22:44:08 /home/nightcat/Downloads/Screenshots/Screenshot from 2024-04-05 22-42-35(1)(1).png
2024/04/05 22:44:08 /home/nightcat/Downloads/Screenshots/Screenshot from 2024-04-05 22-42-35(1)(2).png
2024/04/05 22:44:08 /home/nightcat/Downloads/Screenshots/Screenshot from 2024-04-05 22-42-35(1)(3).png
2024/04/05 22:44:08 /home/nightcat/Downloads/Screenshots/Screenshot from 2024-04-05 22-42-35(1).png
2024/04/05 22:44:08 /home/nightcat/Downloads/Screenshots/Screenshot from 2024-04-05 22-42-35(10)(1).png
2024/04/05 22:44:08 /home/nightcat/Downloads/Screenshots/Screenshot from 2024-04-05 22-42-35(10)(2).png
2024/04/05 22:44:08 /home/nightcat/Downloads/Screenshots/Screenshot from 2024-04-05 22-42-35(10)(3).png
2024/04/05 22:44:08 /home/nightcat/Downloads/Screenshots/Screenshot from 2024-04-05 22-42-35(10).png
2024/04/05 22:44:08 /home/nightcat/Downloads/Screenshots/Screenshot from 2024-04-05 22-42-35(11).png
2024/04/05 22:44:08 /home/nightcat/Downloads/Screenshots/Screenshot from 2024-04-05 22-42-35(12).png
2024/04/05 22:44:08 /home/nightcat/Downloads/Screenshots/Screenshot from 2024-04-05 22-42-35(13).png
2024/04/05 22:44:08 /home/nightcat/Downloads/Screenshots/Screenshot from 2024-04-05 22-42-35(2)(1).png
2024/04/05 22:44:08 /home/nightcat/Downloads/Screenshots/Screenshot from 2024-04-05 22-42-35(2)(2).png
2024/04/05 22:44:08 /home/nightcat/Downloads/Screenshots/Screenshot from 2024-04-05 22-42-35(2)(3).png
2024/04/05 22:44:08 /home/nightcat/Downloads/Screenshots/Screenshot from 2024-04-05 22-42-35(2).png
2024/04/05 22:44:08 /home/nightcat/Downloads/Screenshots/Screenshot from 2024-04-05 22-42-35(3)(1).png
2024/04/05 22:44:08 /home/nightcat/Downloads/Screenshots/Screenshot from 2024-04-05 22-42-35(3)(2).png
2024/04/05 22:44:08 /home/nightcat/Downloads/Screenshots/Screenshot from 2024-04-05 22-42-35(3)(3).png
2024/04/05 22:44:08 /home/nightcat/Downloads/Screenshots/Screenshot from 2024-04-05 22-42-35(3).png
2024/04/05 22:44:08 /home/nightcat/Downloads/Screenshots/Screenshot from 2024-04-05 22-42-35(4)(1).png
2024/04/05 22:44:08 /home/nightcat/Downloads/Screenshots/Screenshot from 2024-04-05 22-42-35(4)(2).png
2024/04/05 22:44:08 /home/nightcat/Downloads/Screenshots/Screenshot from 2024-04-05 22-42-35(4)(3).png
2024/04/05 22:44:08 /home/nightcat/Downloads/Screenshots/Screenshot from 2024-04-05 22-42-35(4).png
2024/04/05 22:44:08 /home/nightcat/Downloads/Screenshots/Screenshot from 2024-04-05 22-42-35(5)(1).png
2024/04/05 22:44:08 /home/nightcat/Downloads/Screenshots/Screenshot from 2024-04-05 22-42-35(5)(2).png
2024/04/05 22:44:08 /home/nightcat/Downloads/Screenshots/Screenshot from 2024-04-05 22-42-35(5)(3).png
2024/04/05 22:44:08 /home/nightcat/Downloads/Screenshots/Screenshot from 2024-04-05 22-42-35(5).png
2024/04/05 22:44:08 /home/nightcat/Downloads/Screenshots/Screenshot from 2024-04-05 22-42-35(6)(1).png
2024/04/05 22:44:08 /home/nightcat/Downloads/Screenshots/Screenshot from 2024-04-05 22-42-35(6)(2).png
2024/04/05 22:44:08 /home/nightcat/Downloads/Screenshots/Screenshot from 2024-04-05 22-42-35(6)(3).png
2024/04/05 22:44:08 /home/nightcat/Downloads/Screenshots/Screenshot from 2024-04-05 22-42-35(6).png
2024/04/05 22:44:08 /home/nightcat/Downloads/Screenshots/Screenshot from 2024-04-05 22-42-35(7)(1).png
2024/04/05 22:44:08 /home/nightcat/Downloads/Screenshots/Screenshot from 2024-04-05 22-42-35(7)(2).png
2024/04/05 22:44:08 /home/nightcat/Downloads/Screenshots/Screenshot from 2024-04-05 22-42-35(7)(3).png
2024/04/05 22:44:08 /home/nightcat/Downloads/Screenshots/Screenshot from 2024-04-05 22-42-35(7).png
2024/04/05 22:44:08 /home/nightcat/Downloads/Screenshots/Screenshot from 2024-04-05 22-42-35(8)(1).png
2024/04/05 22:44:08 /home/nightcat/Downloads/Screenshots/Screenshot from 2024-04-05 22-42-35(8)(2).png
2024/04/05 22:44:08 /home/nightcat/Downloads/Screenshots/Screenshot from 2024-04-05 22-42-35(8)(3).png
2024/04/05 22:44:08 /home/nightcat/Downloads/Screenshots/Screenshot from 2024-04-05 22-42-35(8).png
2024/04/05 22:44:08 /home/nightcat/Downloads/Screenshots/Screenshot from 2024-04-05 22-42-35(9)(1).png
2024/04/05 22:44:08 /home/nightcat/Downloads/Screenshots/Screenshot from 2024-04-05 22-42-35(9)(2).png
2024/04/05 22:44:08 /home/nightcat/Downloads/Screenshots/Screenshot from 2024-04-05 22-42-35(9)(3).png
2024/04/05 22:44:08 /home/nightcat/Downloads/Screenshots/Screenshot from 2024-04-05 22-42-35(9).png
2024/04/05 22:44:08 /home/nightcat/Downloads/Screenshots/Screenshot from 2024-04-05 22-42-35-1(1)(1).png
2024/04/05 22:44:08 /home/nightcat/Downloads/Screenshots/Screenshot from 2024-04-05 22-42-35-1(1)(2).png
2024/04/05 22:44:08 /home/nightcat/Downloads/Screenshots/Screenshot from 2024-04-05 22-42-35-1(1)(3).png
2024/04/05 22:44:08 /home/nightcat/Downloads/Screenshots/Screenshot from 2024-04-05 22-42-35-1(1).png
2024/04/05 22:44:08 /home/nightcat/Downloads/Screenshots/Screenshot from 2024-04-05 22-42-35-1(10)(1).png
2024/04/05 22:44:08 /home/nightcat/Downloads/Screenshots/Screenshot from 2024-04-05 22-42-35-1(10)(2).png
2024/04/05 22:44:08 /home/nightcat/Downloads/Screenshots/Screenshot from 2024-04-05 22-42-35-1(10)(3).png
2024/04/05 22:44:08 /home/nightcat/Downloads/Screenshots/Screenshot from 2024-04-05 22-42-35-1(10).png
2024/04/05 22:44:08 /home/nightcat/Downloads/Screenshots/Screenshot from 2024-04-05 22-42-35-1(11).png
2024/04/05 22:44:08 /home/nightcat/Downloads/Screenshots/Screenshot from 2024-04-05 22-42-35-1(12).png
2024/04/05 22:44:08 /home/nightcat/Downloads/Screenshots/Screenshot from 2024-04-05 22-42-35-1(13).png
2024/04/05 22:44:08 /home/nightcat/Downloads/Screenshots/Screenshot from 2024-04-05 22-42-35-1(2)(1).png
2024/04/05 22:44:08 /home/nightcat/Downloads/Screenshots/Screenshot from 2024-04-05 22-42-35-1(2)(2).png
2024/04/05 22:44:08 /home/nightcat/Downloads/Screenshots/Screenshot from 2024-04-05 22-42-35-1(2)(3).png
2024/04/05 22:44:08 /home/nightcat/Downloads/Screenshots/Screenshot from 2024-04-05 22-42-35-1(2).png
2024/04/05 22:44:08 /home/nightcat/Downloads/Screenshots/Screenshot from 2024-04-05 22-42-35-1(3)(1).png
2024/04/05 22:44:08 /home/nightcat/Downloads/Screenshots/Screenshot from 2024-04-05 22-42-35-1(3)(2).png
2024/04/05 22:44:08 /home/nightcat/Downloads/Screenshots/Screenshot from 2024-04-05 22-42-35-1(3)(3).png
2024/04/05 22:44:08 /home/nightcat/Downloads/Screenshots/Screenshot from 2024-04-05 22-42-35-1(3).png
2024/04/05 22:44:08 /home/nightcat/Downloads/Screenshots/Screenshot from 2024-04-05 22-42-35-1(4)(1).png
2024/04/05 22:44:08 /home/nightcat/Downloads/Screenshots/Screenshot from 2024-04-05 22-42-35-1(4)(2).png
2024/04/05 22:44:08 /home/nightcat/Downloads/Screenshots/Screenshot from 2024-04-05 22-42-35-1(4)(3).png
2024/04/05 22:44:08 /home/nightcat/Downloads/Screenshots/Screenshot from 2024-04-05 22-42-35-1(4).png
2024/04/05 22:44:08 /home/nightcat/Downloads/Screenshots/Screenshot from 2024-04-05 22-42-35-1(5)(1).png
2024/04/05 22:44:08 /home/nightcat/Downloads/Screenshots/Screenshot from 2024-04-05 22-42-35-1(5)(2).png
2024/04/05 22:44:08 /home/nightcat/Downloads/Screenshots/Screenshot from 2024-04-05 22-42-35-1(5)(3).png
2024/04/05 22:44:08 /home/nightcat/Downloads/Screenshots/Screenshot from 2024-04-05 22-42-35-1(5).png
2024/04/05 22:44:08 /home/nightcat/Downloads/Screenshots/Screenshot from 2024-04-05 22-42-35-1(6)(1).png
2024/04/05 22:44:08 /home/nightcat/Downloads/Screenshots/Screenshot from 2024-04-05 22-42-35-1(6)(2).png
2024/04/05 22:44:08 /home/nightcat/Downloads/Screenshots/Screenshot from 2024-04-05 22-42-35-1(6)(3).png
2024/04/05 22:44:08 /home/nightcat/Downloads/Screenshots/Screenshot from 2024-04-05 22-42-35-1(6).png
2024/04/05 22:44:08 /home/nightcat/Downloads/Screenshots/Screenshot from 2024-04-05 22-42-35-1(7)(1).png
2024/04/05 22:44:08 /home/nightcat/Downloads/Screenshots/Screenshot from 2024-04-05 22-42-35-1(7)(2).png
2024/04/05 22:44:08 /home/nightcat/Downloads/Screenshots/Screenshot from 2024-04-05 22-42-35-1(7)(3).png
2024/04/05 22:44:08 /home/nightcat/Downloads/Screenshots/Screenshot from 2024-04-05 22-42-35-1(7).png
2024/04/05 22:44:08 /home/nightcat/Downloads/Screenshots/Screenshot from 2024-04-05 22-42-35-1(8)(1).png
2024/04/05 22:44:08 /home/nightcat/Downloads/Screenshots/Screenshot from 2024-04-05 22-42-35-1(8)(2).png
2024/04/05 22:44:08 /home/nightcat/Downloads/Screenshots/Screenshot from 2024-04-05 22-42-35-1(8)(3).png
2024/04/05 22:44:08 /home/nightcat/Downloads/Screenshots/Screenshot from 2024-04-05 22-42-35-1(8).png
2024/04/05 22:44:08 /home/nightcat/Downloads/Screenshots/Screenshot from 2024-04-05 22-42-35-1(9)(1).png
2024/04/05 22:44:08 /home/nightcat/Downloads/Screenshots/Screenshot from 2024-04-05 22-42-35-1(9)(2).png
2024/04/05 22:44:08 /home/nightcat/Downloads/Screenshots/Screenshot from 2024-04-05 22-42-35-1(9)(3).png
2024/04/05 22:44:08 /home/nightcat/Downloads/Screenshots/Screenshot from 2024-04-05 22-42-35-1(9).png
2024/04/05 22:44:08 /home/nightcat/Downloads/Screenshots/Screenshot from 2024-04-05 22-42-35-1.png
2024/04/05 22:44:08 /home/nightcat/Downloads/Screenshots/Screenshot from 2024-04-05 22-42-35-2(1)(1).png
2024/04/05 22:44:08 /home/nightcat/Downloads/Screenshots/Screenshot from 2024-04-05 22-42-35-2(1)(2).png
2024/04/05 22:44:08 /home/nightcat/Downloads/Screenshots/Screenshot from 2024-04-05 22-42-35-2(1)(3).png
2024/04/05 22:44:08 /home/nightcat/Downloads/Screenshots/Screenshot from 2024-04-05 22-42-35-2(1).png
2024/04/05 22:44:08 /home/nightcat/Downloads/Screenshots/Screenshot from 2024-04-05 22-42-35-2(10)(1).png
2024/04/05 22:44:08 /home/nightcat/Downloads/Screenshots/Screenshot from 2024-04-05 22-42-35-2(10)(2).png
2024/04/05 22:44:08 /home/nightcat/Downloads/Screenshots/Screenshot from 2024-04-05 22-42-35-2(10)(3).png
2024/04/05 22:44:09 /home/nightcat/Downloads/Screenshots/Screenshot from 2024-04-05 22-42-35-2(10).png
2024/04/05 22:44:09 /home/nightcat/Downloads/Screenshots/Screenshot from 2024-04-05 22-42-35-2(11).png
2024/04/05 22:44:09 /home/nightcat/Downloads/Screenshots/Screenshot from 2024-04-05 22-42-35-2(12).png
2024/04/05 22:44:09 /home/nightcat/Downloads/Screenshots/Screenshot from 2024-04-05 22-42-35-2(13).png
2024/04/05 22:44:09 /home/nightcat/Downloads/Screenshots/Screenshot from 2024-04-05 22-42-35-2(2)(1).png
2024/04/05 22:44:09 /home/nightcat/Downloads/Screenshots/Screenshot from 2024-04-05 22-42-35-2(2)(2).png
2024/04/05 22:44:09 /home/nightcat/Downloads/Screenshots/Screenshot from 2024-04-05 22-42-35-2(2)(3).png
2024/04/05 22:44:09 /home/nightcat/Downloads/Screenshots/Screenshot from 2024-04-05 22-42-35-2(2).png
2024/04/05 22:44:09 /home/nightcat/Downloads/Screenshots/Screenshot from 2024-04-05 22-42-35-2(3)(1).png
2024/04/05 22:44:09 /home/nightcat/Downloads/Screenshots/Screenshot from 2024-04-05 22-42-35-2(3)(2).png
2024/04/05 22:44:09 /home/nightcat/Downloads/Screenshots/Screenshot from 2024-04-05 22-42-35-2(3)(3).png
2024/04/05 22:44:09 /home/nightcat/Downloads/Screenshots/Screenshot from 2024-04-05 22-42-35-2(3).png
2024/04/05 22:44:09 /home/nightcat/Downloads/Screenshots/Screenshot from 2024-04-05 22-42-35-2(4)(1).png
2024/04/05 22:44:09 /home/nightcat/Downloads/Screenshots/Screenshot from 2024-04-05 22-42-35-2(4)(2).png
2024/04/05 22:44:09 /home/nightcat/Downloads/Screenshots/Screenshot from 2024-04-05 22-42-35-2(4)(3).png
2024/04/05 22:44:09 /home/nightcat/Downloads/Screenshots/Screenshot from 2024-04-05 22-42-35-2(4).png
2024/04/05 22:44:09 /home/nightcat/Downloads/Screenshots/Screenshot from 2024-04-05 22-42-35-2(5)(1).png
2024/04/05 22:44:09 /home/nightcat/Downloads/Screenshots/Screenshot from 2024-04-05 22-42-35-2(5)(2).png
2024/04/05 22:44:09 /home/nightcat/Downloads/Screenshots/Screenshot from 2024-04-05 22-42-35-2(5)(3).png
2024/04/05 22:44:09 /home/nightcat/Downloads/Screenshots/Screenshot from 2024-04-05 22-42-35-2(5).png
2024/04/05 22:44:09 /home/nightcat/Downloads/Screenshots/Screenshot from 2024-04-05 22-42-35-2(6)(1).png
2024/04/05 22:44:09 /home/nightcat/Downloads/Screenshots/Screenshot from 2024-04-05 22-42-35-2(6)(2).png
2024/04/05 22:44:09 /home/nightcat/Downloads/Screenshots/Screenshot from 2024-04-05 22-42-35-2(6)(3).png
2024/04/05 22:44:09 /home/nightcat/Downloads/Screenshots/Screenshot from 2024-04-05 22-42-35-2(6).png
2024/04/05 22:44:09 /home/nightcat/Downloads/Screenshots/Screenshot from 2024-04-05 22-42-35-2(7)(1).png
2024/04/05 22:44:09 /home/nightcat/Downloads/Screenshots/Screenshot from 2024-04-05 22-42-35-2(7)(2).png
2024/04/05 22:44:09 /home/nightcat/Downloads/Screenshots/Screenshot from 2024-04-05 22-42-35-2(7)(3).png
2024/04/05 22:44:09 /home/nightcat/Downloads/Screenshots/Screenshot from 2024-04-05 22-42-35-2(7).png
2024/04/05 22:44:09 /home/nightcat/Downloads/Screenshots/Screenshot from 2024-04-05 22-42-35-2(8)(1).png
2024/04/05 22:44:09 /home/nightcat/Downloads/Screenshots/Screenshot from 2024-04-05 22-42-35-2(8)(2).png
2024/04/05 22:44:09 /home/nightcat/Downloads/Screenshots/Screenshot from 2024-04-05 22-42-35-2(8)(3).png
2024/04/05 22:44:09 /home/nightcat/Downloads/Screenshots/Screenshot from 2024-04-05 22-42-35-2(8).png
2024/04/05 22:44:09 /home/nightcat/Downloads/Screenshots/Screenshot from 2024-04-05 22-42-35-2(9)(1).png
2024/04/05 22:44:09 /home/nightcat/Downloads/Screenshots/Screenshot from 2024-04-05 22-42-35-2(9)(2).png
2024/04/05 22:44:09 /home/nightcat/Downloads/Screenshots/Screenshot from 2024-04-05 22-42-35-2(9)(3).png
2024/04/05 22:44:09 /home/nightcat/Downloads/Screenshots/Screenshot from 2024-04-05 22-42-35-2(9).png
2024/04/05 22:44:09 /home/nightcat/Downloads/Screenshots/Screenshot from 2024-04-05 22-42-35-2.png
2024/04/05 22:44:09 /home/nightcat/Downloads/Screenshots/Screenshot from 2024-04-05 22-42-35.png
2024/04/05 22:44:09 /home/nightcat/Downloads/Screenshots/Screenshot from 2024-04-05 22-42-36(1)(1).png
2024/04/05 22:44:09 /home/nightcat/Downloads/Screenshots/Screenshot from 2024-04-05 22-42-36(1)(2).png
2024/04/05 22:44:09 /home/nightcat/Downloads/Screenshots/Screenshot from 2024-04-05 22-42-36(1)(3).png
2024/04/05 22:44:09 /home/nightcat/Downloads/Screenshots/Screenshot from 2024-04-05 22-42-36(1).png
2024/04/05 22:44:09 /home/nightcat/Downloads/Screenshots/Screenshot from 2024-04-05 22-42-36(10)(1).png
2024/04/05 22:44:09 /home/nightcat/Downloads/Screenshots/Screenshot from 2024-04-05 22-42-36(10)(2).png
2024/04/05 22:44:09 /home/nightcat/Downloads/Screenshots/Screenshot from 2024-04-05 22-42-36(10)(3).png
2024/04/05 22:44:09 /home/nightcat/Downloads/Screenshots/Screenshot from 2024-04-05 22-42-36(10).png
2024/04/05 22:44:09 /home/nightcat/Downloads/Screenshots/Screenshot from 2024-04-05 22-42-36(11).png
2024/04/05 22:44:09 /home/nightcat/Downloads/Screenshots/Screenshot from 2024-04-05 22-42-36(12).png
2024/04/05 22:44:09 /home/nightcat/Downloads/Screenshots/Screenshot from 2024-04-05 22-42-36(2)(1).png
2024/04/05 22:44:09 /home/nightcat/Downloads/Screenshots/Screenshot from 2024-04-05 22-42-36(2)(2).png
2024/04/05 22:44:09 /home/nightcat/Downloads/Screenshots/Screenshot from 2024-04-05 22-42-36(2)(3).png
2024/04/05 22:44:09 /home/nightcat/Downloads/Screenshots/Screenshot from 2024-04-05 22-42-36(2).png
2024/04/05 22:44:09 /home/nightcat/Downloads/Screenshots/Screenshot from 2024-04-05 22-42-36(3)(1).png
2024/04/05 22:44:09 /home/nightcat/Downloads/Screenshots/Screenshot from 2024-04-05 22-42-36(3)(2).png
2024/04/05 22:44:09 /home/nightcat/Downloads/Screenshots/Screenshot from 2024-04-05 22-42-36(3)(3).png
2024/04/05 22:45:36 /run/media/nightcat/Movie HHD/影集/權力遊戲
2024/04/05 22:49:46 /home/nightcat/Pictures/Screenshots/Screenshot from 2024-04-05 22-42-35(1).png
2024/04/05 22:49:46 /home/nightcat/Pictures/Screenshots/Screenshot from 2024-04-05 22-42-35(10).png
2024/04/05 22:49:46 /home/nightcat/Pictures/Screenshots/Screenshot from 2024-04-05 22-42-35(2).png
2024/04/05 22:49:46 /home/nightcat/Pictures/Screenshots/Screenshot from 2024-04-05 22-42-35(3).png
2024/04/05 22:49:46 /home/nightcat/Pictures/Screenshots/Screenshot from 2024-04-05 22-42-35(4).png
2024/04/05 22:49:46 /home/nightcat/Pictures/Screenshots/Screenshot from 2024-04-05 22-42-35(5).png
2024/04/05 22:49:46 /home/nightcat/Pictures/Screenshots/Screenshot from 2024-04-05 22-42-35(6).png
2024/04/05 22:49:46 /home/nightcat/Pictures/Screenshots/Screenshot from 2024-04-05 22-42-35(7).png
2024/04/05 22:49:46 /home/nightcat/Pictures/Screenshots/Screenshot from 2024-04-05 22-42-35(8).png
2024/04/05 22:49:46 /home/nightcat/Pictures/Screenshots/Screenshot from 2024-04-05 22-42-35(9).png
2024/04/05 22:49:46 /home/nightcat/Pictures/Screenshots/Screenshot from 2024-04-05 22-42-35-1(1).png
2024/04/05 22:49:46 /home/nightcat/Pictures/Screenshots/Screenshot from 2024-04-05 22-42-35-1(10).png
2024/04/05 22:49:46 /home/nightcat/Pictures/Screenshots/Screenshot from 2024-04-05 22-42-35-1(2).png
2024/04/05 22:49:46 /home/nightcat/Pictures/Screenshots/Screenshot from 2024-04-05 22-42-35-1(3).png
2024/04/05 22:49:46 /home/nightcat/Pictures/Screenshots/Screenshot from 2024-04-05 22-42-35-1(4).png
2024/04/05 22:49:46 /home/nightcat/Pictures/Screenshots/Screenshot from 2024-04-05 22-42-35-1(5).png
2024/04/05 22:49:46 /home/nightcat/Pictures/Screenshots/Screenshot from 2024-04-05 22-42-35-1(6).png
2024/04/05 22:49:46 /home/nightcat/Pictures/Screenshots/Screenshot from 2024-04-05 22-42-35-1(7).png
2024/04/05 22:49:46 /home/nightcat/Pictures/Screenshots/Screenshot from 2024-04-05 22-42-35-1(8).png
2024/04/05 22:49:46 /home/nightcat/Pictures/Screenshots/Screenshot from 2024-04-05 22-42-35-1(9).png
2024/04/05 22:49:46 /home/nightcat/Pictures/Screenshots/Screenshot from 2024-04-05 22-42-35-1.png
2024/04/05 22:49:46 /home/nightcat/Pictures/Screenshots/Screenshot from 2024-04-05 22-42-35-2(1).png
2024/04/05 22:49:46 /home/nightcat/Pictures/Screenshots/Screenshot from 2024-04-05 22-42-35-2(10).png
2024/04/05 22:49:46 /home/nightcat/Pictures/Screenshots/Screenshot from 2024-04-05 22-42-35-2(2).png
2024/04/05 22:49:46 /home/nightcat/Pictures/Screenshots/Screenshot from 2024-04-05 22-42-35-2(3).png
2024/04/05 22:49:46 /home/nightcat/Pictures/Screenshots/Screenshot from 2024-04-05 22-42-35-2(4).png
2024/04/05 22:49:46 /home/nightcat/Pictures/Screenshots/Screenshot from 2024-04-05 22-42-35-2(5).png
2024/04/05 22:49:46 /home/nightcat/Pictures/Screenshots/Screenshot from 2024-04-05 22-42-35-2(6).png
2024/04/05 22:49:46 /home/nightcat/Pictures/Screenshots/Screenshot from 2024-04-05 22-42-35-2(7).png
2024/04/05 22:49:46 /home/nightcat/Pictures/Screenshots/Screenshot from 2024-04-05 22-42-35-2(8).png
2024/04/05 22:49:46 /home/nightcat/Pictures/Screenshots/Screenshot from 2024-04-05 22-42-35-2(9).png
2024/04/05 22:49:46 /home/nightcat/Pictures/Screenshots/Screenshot from 2024-04-05 22-42-35-2.png
2024/04/05 22:49:46 /home/nightcat/Pictures/Screenshots/Screenshot from 2024-04-05 22-42-35.png
2024/04/05 22:49:46 /home/nightcat/Pictures/Screenshots/Screenshot from 2024-04-05 22-42-36(1).png
2024/04/05 22:49:46 /home/nightcat/Pictures/Screenshots/Screenshot from 2024-04-05 22-42-36(10).png
2024/04/05 22:49:46 /home/nightcat/Pictures/Screenshots/Screenshot from 2024-04-05 22-42-36(2).png
2024/04/05 22:49:46 /home/nightcat/Pictures/Screenshots/Screenshot from 2024-04-05 22-42-36(3).png
2024/04/05 22:49:46 /home/nightcat/Pictures/Screenshots/Screenshot from 2024-04-05 22-42-36(4).png
2024/04/05 22:49:46 /home/nightcat/Pictures/Screenshots/Screenshot from 2024-04-05 22-42-36(5).png
2024/04/05 22:49:46 /home/nightcat/Pictures/Screenshots/Screenshot from 2024-04-05 22-42-36(6).png
2024/04/05 22:49:46 /home/nightcat/Pictures/Screenshots/Screenshot from 2024-04-05 22-42-36(7).png
2024/04/05 22:49:46 /home/nightcat/Pictures/Screenshots/Screenshot from 2024-04-05 22-42-36(8).png
2024/04/05 22:49:46 /home/nightcat/Pictures/Screenshots/Screenshot from 2024-04-05 22-42-36(9).png
2024/04/05 22:49:46 /home/nightcat/Pictures/Screenshots/Screenshot from 2024-04-05 22-42-36-1(1).png
2024/04/05 22:49:46 /home/nightcat/Pictures/Screenshots/Screenshot from 2024-04-05 22-42-36-1(10).png
2024/04/05 22:49:46 /home/nightcat/Pictures/Screenshots/Screenshot from 2024-04-05 22-42-36-1(2).png
2024/04/05 22:49:46 /home/nightcat/Pictures/Screenshots/Screenshot from 2024-04-05 22-42-36-1(3).png
2024/04/05 22:49:46 /home/nightcat/Pictures/Screenshots/Screenshot from 2024-04-05 22-42-36-1(4).png
2024/04/05 22:49:46 /home/nightcat/Pictures/Screenshots/Screenshot from 2024-04-05 22-42-36-1(5).png
2024/04/05 22:49:46 /home/nightcat/Pictures/Screenshots/Screenshot from 2024-04-05 22-42-36-1(6).png
2024/04/05 22:49:46 /home/nightcat/Pictures/Screenshots/Screenshot from 2024-04-05 22-42-36-1(7).png
2024/04/05 22:49:46 /home/nightcat/Pictures/Screenshots/Screenshot from 2024-04-05 22-42-36-1(8).png
2024/04/05 22:49:46 /home/nightcat/Pictures/Screenshots/Screenshot from 2024-04-05 22-42-36-1(9).png
2024/04/05 22:49:46 /home/nightcat/Pictures/Screenshots/Screenshot from 2024-04-05 22-42-36-1.png
2024/04/05 22:49:46 /home/nightcat/Pictures/Screenshots/Screenshot from 2024-04-05 22-42-36.png
2024/04/05 22:49:51 /home/nightcat/Pictures/Screenshots/Screenshot from 2024-04-05 22-42-35(1).png
2024/04/05 22:49:51 /home/nightcat/Pictures/Screenshots/Screenshot from 2024-04-05 22-42-35(10).png
2024/04/05 22:49:51 /home/nightcat/Pictures/Screenshots/Screenshot from 2024-04-05 22-42-35(2).png
2024/04/05 22:49:51 /home/nightcat/Pictures/Screenshots/Screenshot from 2024-04-05 22-42-35(3).png
2024/04/05 22:49:51 /home/nightcat/Pictures/Screenshots/Screenshot from 2024-04-05 22-42-35(4).png
2024/04/05 22:49:51 /home/nightcat/Pictures/Screenshots/Screenshot from 2024-04-05 22-42-35(5).png
2024/04/05 22:49:51 /home/nightcat/Pictures/Screenshots/Screenshot from 2024-04-05 22-42-35(6).png
2024/04/05 22:49:51 /home/nightcat/Pictures/Screenshots/Screenshot from 2024-04-05 22-42-35(7).png
2024/04/05 22:49:51 /home/nightcat/Pictures/Screenshots/Screenshot from 2024-04-05 22-42-35(8).png
2024/04/05 22:49:51 /home/nightcat/Pictures/Screenshots/Screenshot from 2024-04-05 22-42-35(9).png
2024/04/05 22:49:51 /home/nightcat/Pictures/Screenshots/Screenshot from 2024-04-05 22-42-35-1(1).png
2024/04/05 22:49:51 /home/nightcat/Pictures/Screenshots/Screenshot from 2024-04-05 22-42-35-1(10).png
2024/04/05 22:49:51 /home/nightcat/Pictures/Screenshots/Screenshot from 2024-04-05 22-42-35-1(2).png
2024/04/05 22:49:51 /home/nightcat/Pictures/Screenshots/Screenshot from 2024-04-05 22-42-35-1(3).png
2024/04/05 22:49:51 /home/nightcat/Pictures/Screenshots/Screenshot from 2024-04-05 22-42-35-1(4).png
2024/04/05 22:49:51 /home/nightcat/Pictures/Screenshots/Screenshot from 2024-04-05 22-42-35-1(5).png
2024/04/05 22:49:51 /home/nightcat/Pictures/Screenshots/Screenshot from 2024-04-05 22-42-35-1(6).png
2024/04/05 22:49:51 /home/nightcat/Pictures/Screenshots/Screenshot from 2024-04-05 22-42-35-1(7).png
2024/04/05 22:49:51 /home/nightcat/Pictures/Screenshots/Screenshot from 2024-04-05 22-42-35-1(8).png
2024/04/05 22:49:51 /home/nightcat/Pictures/Screenshots/Screenshot from 2024-04-05 22-42-35-1(9).png
2024/04/05 22:49:51 /home/nightcat/Pictures/Screenshots/Screenshot from 2024-04-05 22-42-35-1.png
2024/04/05 22:49:51 /home/nightcat/Pictures/Screenshots/Screenshot from 2024-04-05 22-42-35-2(1).png
2024/04/05 22:49:51 /home/nightcat/Pictures/Screenshots/Screenshot from 2024-04-05 22-42-35-2(10).png
2024/04/05 22:49:51 /home/nightcat/Pictures/Screenshots/Screenshot from 2024-04-05 22-42-35-2(2).png
2024/04/05 22:49:51 /home/nightcat/Pictures/Screenshots/Screenshot from 2024-04-05 22-42-35-2(3).png
2024/04/05 22:49:51 /home/nightcat/Pictures/Screenshots/Screenshot from 2024-04-05 22-42-35-2(4).png
2024/04/05 22:49:51 /home/nightcat/Pictures/Screenshots/Screenshot from 2024-04-05 22-42-35-2(5).png
2024/04/05 22:49:51 /home/nightcat/Pictures/Screenshots/Screenshot from 2024-04-05 22-42-35-2(6).png
2024/04/05 22:49:51 /home/nightcat/Pictures/Screenshots/Screenshot from 2024-04-05 22-42-35-2(7).png
2024/04/05 22:49:51 /home/nightcat/Pictures/Screenshots/Screenshot from 2024-04-05 22-42-35-2(8).png
2024/04/05 22:49:51 /home/nightcat/Pictures/Screenshots/Screenshot from 2024-04-05 22-42-35-2(9).png
2024/04/05 22:49:51 /home/nightcat/Pictures/Screenshots/Screenshot from 2024-04-05 22-42-35-2.png
2024/04/05 22:49:51 /home/nightcat/Pictures/Screenshots/Screenshot from 2024-04-05 22-42-35.png
2024/04/05 22:49:51 /home/nightcat/Pictures/Screenshots/Screenshot from 2024-04-05 22-42-36(1).png
2024/04/05 22:49:51 /home/nightcat/Pictures/Screenshots/Screenshot from 2024-04-05 22-42-36(10).png
2024/04/05 22:49:51 /home/nightcat/Pictures/Screenshots/Screenshot from 2024-04-05 22-42-36(2).png
2024/04/05 22:49:51 /home/nightcat/Pictures/Screenshots/Screenshot from 2024-04-05 22-42-36(3).png
2024/04/05 22:49:51 /home/nightcat/Pictures/Screenshots/Screenshot from 2024-04-05 22-42-36(4).png
2024/04/05 22:49:51 /home/nightcat/Pictures/Screenshots/Screenshot from 2024-04-05 22-42-36(5).png
2024/04/05 22:49:51 /home/nightcat/Pictures/Screenshots/Screenshot from 2024-04-05 22-42-36(6).png
2024/04/05 22:49:51 /home/nightcat/Pictures/Screenshots/Screenshot from 2024-04-05 22-42-36(7).png
2024/04/05 22:49:51 /home/nightcat/Pictures/Screenshots/Screenshot from 2024-04-05 22-42-36(8).png
2024/04/05 22:49:51 /home/nightcat/Pictures/Screenshots/Screenshot from 2024-04-05 22-42-36(9).png
2024/04/05 22:49:51 /home/nightcat/Pictures/Screenshots/Screenshot from 2024-04-05 22-42-36-1(1).png
2024/04/05 22:49:51 /home/nightcat/Pictures/Screenshots/Screenshot from 2024-04-05 22-42-36-1(10).png
2024/04/05 22:49:51 /home/nightcat/Pictures/Screenshots/Screenshot from 2024-04-05 22-42-36-1(2).png
2024/04/05 22:49:51 /home/nightcat/Pictures/Screenshots/Screenshot from 2024-04-05 22-42-36-1(3).png
2024/04/05 22:49:51 /home/nightcat/Pictures/Screenshots/Screenshot from 2024-04-05 22-42-36-1(4).png
2024/04/05 22:49:51 /home/nightcat/Pictures/Screenshots/Screenshot from 2024-04-05 22-42-36-1(5).png
2024/04/05 22:49:51 /home/nightcat/Pictures/Screenshots/Screenshot from 2024-04-05 22-42-36-1(6).png
2024/04/05 22:49:51 /home/nightcat/Pictures/Screenshots/Screenshot from 2024-04-05 22-42-36-1(7).png
2024/04/05 22:49:51 /home/nightcat/Pictures/Screenshots/Screenshot from 2024-04-05 22-42-36-1(8).png
2024/04/05 22:49:51 /home/nightcat/Pictures/Screenshots/Screenshot from 2024-04-05 22-42-36-1(9).png
2024/04/05 22:49:51 /home/nightcat/Pictures/Screenshots/Screenshot from 2024-04-05 22-42-36-1.png
2024/04/05 22:49:51 /home/nightcat/Pictures/Screenshots/Screenshot from 2024-04-05 22-42-36.png
2024/04/05 22:59:20 /home/nightcat/Pictures/Screenshots/Screenshot from 2024-04-05 22-59-10-2.png
2024/04/05 22:59:20 /home/nightcat/Pictures/Screenshots/Screenshot from 2024-04-05 22-59-10-3.png
2024/04/05 22:59:20 /home/nightcat/Pictures/Screenshots/Screenshot from 2024-04-05 22-59-10-4.png
2024/04/05 22:59:20 /home/nightcat/Pictures/Screenshots/Screenshot from 2024-04-05 22-59-10-5.png
2024/04/05 22:59:20 /home/nightcat/Pictures/Screenshots/Screenshot from 2024-04-05 22-59-10-6.png
2024/04/05 22:59:20 /home/nightcat/Pictures/Screenshots/Screenshot from 2024-04-05 22-59-10.png
2024/04/05 22:59:20 /home/nightcat/Pictures/Screenshots/Screenshot from 2024-04-05 22-59-11-1.png
2024/04/05 22:59:20 /home/nightcat/Pictures/Screenshots/Screenshot from 2024-04-05 22-59-11-2.png
2024/04/05 22:59:20 /home/nightcat/Pictures/Screenshots/Screenshot from 2024-04-05 22-59-11-3.png
2024/04/05 22:59:20 /home/nightcat/Pictures/Screenshots/Screenshot from 2024-04-05 22-59-10-1.png
2024/04/05 22:59:20 /home/nightcat/Pictures/Screenshots/Screenshot from 2024-04-05 22-59-10-2.png
2024/04/05 22:59:20 /home/nightcat/Pictures/Screenshots/Screenshot from 2024-04-05 22-59-10-3.png
2024/04/05 22:59:20 /home/nightcat/Pictures/Screenshots/Screenshot from 2024-04-05 22-59-10-4.png
2024/04/05 22:59:20 /home/nightcat/Pictures/Screenshots/Screenshot from 2024-04-05 22-59-10-5.png
2024/04/05 22:59:20 /home/nightcat/Pictures/Screenshots/Screenshot from 2024-04-05 22-59-10-6.png
2024/04/05 22:59:20 /home/nightcat/Pictures/Screenshots/Screenshot from 2024-04-05 22-59-10.png
2024/04/05 22:59:20 /home/nightcat/Pictures/Screenshots/Screenshot from 2024-04-05 22-59-11-1.png
2024/04/05 22:59:20 /home/nightcat/Pictures/Screenshots/Screenshot from 2024-04-05 22-59-11-2.png
2024/04/05 22:59:20 /home/nightcat/Pictures/Screenshots/Screenshot from 2024-04-05 22-59-11-3.png
2024/04/05 22:59:20 /home/nightcat/Pictures/Screenshots/Screenshot from 2024-04-05 22-59-11-4.png
2024/04/05 22:59:20 /home/nightcat/Pictures/Screenshots/Screenshot from 2024-04-05 22-59-11-5.png
2024/04/05 22:59:20 /home/nightcat/Pictures/Screenshots/Screenshot from 2024-04-05 22-59-11.png
2024/04/05 22:59:21 /home/nightcat/Pictures/Screenshots/Screenshot from 2024-04-05 22-59-10-2.png
2024/04/05 22:59:21 /home/nightcat/Pictures/Screenshots/Screenshot from 2024-04-05 22-59-10-3.png
2024/04/05 22:59:21 /home/nightcat/Pictures/Screenshots/Screenshot from 2024-04-05 22-59-10-4.png
2024/04/05 22:59:21 /home/nightcat/Pictures/Screenshots/Screenshot from 2024-04-05 22-59-10-5.png
2024/04/05 22:59:21 /home/nightcat/Pictures/Screenshots/Screenshot from 2024-04-05 22-59-10-6.png
2024/04/05 22:59:21 /home/nightcat/Pictures/Screenshots/Screenshot from 2024-04-05 22-59-10.png
2024/04/05 22:59:21 /home/nightcat/Pictures/Screenshots/Screenshot from 2024-04-05 22-59-11-1.png
2024/04/05 22:59:21 /home/nightcat/Pictures/Screenshots/Screenshot from 2024-04-05 22-59-11-2.png
2024/04/05 22:59:21 /home/nightcat/Pictures/Screenshots/Screenshot from 2024-04-05 22-59-11-3.png
2024/04/05 22:59:21 /home/nightcat/Pictures/Screenshots/Screenshot from 2024-04-05 22-59-10-1.png
2024/04/05 22:59:21 /home/nightcat/Pictures/Screenshots/Screenshot from 2024-04-05 22-59-10-2.png
2024/04/05 22:59:21 /home/nightcat/Pictures/Screenshots/Screenshot from 2024-04-05 22-59-10-3.png
2024/04/05 22:59:21 /home/nightcat/Pictures/Screenshots/Screenshot from 2024-04-05 22-59-10-4.png
2024/04/05 22:59:21 /home/nightcat/Pictures/Screenshots/Screenshot from 2024-04-05 22-59-10-5.png
2024/04/05 22:59:21 /home/nightcat/Pictures/Screenshots/Screenshot from 2024-04-05 22-59-10-6.png
2024/04/05 22:59:21 /home/nightcat/Pictures/Screenshots/Screenshot from 2024-04-05 22-59-10.png
2024/04/05 22:59:21 /home/nightcat/Pictures/Screenshots/Screenshot from 2024-04-05 22-59-11-1.png
2024/04/05 22:59:21 /home/nightcat/Pictures/Screenshots/Screenshot from 2024-04-05 22-59-11-2.png
2024/04/05 22:59:21 /home/nightcat/Pictures/Screenshots/Screenshot from 2024-04-05 22-59-11-3.png
2024/04/05 22:59:21 /home/nightcat/Pictures/Screenshots/Screenshot from 2024-04-05 22-59-11-4.png
2024/04/05 22:59:21 /home/nightcat/Pictures/Screenshots/Screenshot from 2024-04-05 22-59-11-5.png
2024/04/05 22:59:21 /home/nightcat/Pictures/Screenshots/Screenshot from 2024-04-05 22-59-11.png
2024/04/05 22:59:22 /home/nightcat/Pictures/Screenshots/Screenshot from 2024-04-05 22-59-10-2.png
2024/04/05 22:59:22 /home/nightcat/Pictures/Screenshots/Screenshot from 2024-04-05 22-59-10-3.png
2024/04/05 22:59:22 /home/nightcat/Pictures/Screenshots/Screenshot from 2024-04-05 22-59-10-4.png
2024/04/05 22:59:22 /home/nightcat/Pictures/Screenshots/Screenshot from 2024-04-05 22-59-10-5.png
2024/04/05 22:59:22 /home/nightcat/Pictures/Screenshots/Screenshot from 2024-04-05 22-59-10-6.png
2024/04/05 22:59:22 /home/nightcat/Pictures/Screenshots/Screenshot from 2024-04-05 22-59-10.png
2024/04/05 22:59:22 /home/nightcat/Pictures/Screenshots/Screenshot from 2024-04-05 22-59-11-1.png
2024/04/05 22:59:22 /home/nightcat/Pictures/Screenshots/Screenshot from 2024-04-05 22-59-11-2.png
2024/04/05 22:59:22 /home/nightcat/Pictures/Screenshots/Screenshot from 2024-04-05 22-59-11-3.png
2024/04/05 22:59:22 /home/nightcat/Pictures/Screenshots/Screenshot from 2024-04-05 22-59-10-1.png
2024/04/05 22:59:22 /home/nightcat/Pictures/Screenshots/Screenshot from 2024-04-05 22-59-10-2.png
2024/04/05 22:59:22 /home/nightcat/Pictures/Screenshots/Screenshot from 2024-04-05 22-59-10-3.png
2024/04/05 22:59:22 /home/nightcat/Pictures/Screenshots/Screenshot from 2024-04-05 22-59-10-4.png
2024/04/05 22:59:22 /home/nightcat/Pictures/Screenshots/Screenshot from 2024-04-05 22-59-10-5.png
2024/04/05 22:59:22 /home/nightcat/Pictures/Screenshots/Screenshot from 2024-04-05 22-59-10-6.png
2024/04/05 22:59:22 /home/nightcat/Pictures/Screenshots/Screenshot from 2024-04-05 22-59-10.png
2024/04/05 22:59:22 /home/nightcat/Pictures/Screenshots/Screenshot from 2024-04-05 22-59-11-1.png
2024/04/05 22:59:22 /home/nightcat/Pictures/Screenshots/Screenshot from 2024-04-05 22-59-11-2.png
2024/04/05 22:59:22 /home/nightcat/Pictures/Screenshots/Screenshot from 2024-04-05 22-59-11-3.png
2024/04/05 22:59:22 /home/nightcat/Pictures/Screenshots/Screenshot from 2024-04-05 22-59-11-4.png
2024/04/05 22:59:22 /home/nightcat/Pictures/Screenshots/Screenshot from 2024-04-05 22-59-11-5.png
2024/04/05 22:59:22 /home/nightcat/Pictures/Screenshots/Screenshot from 2024-04-05 22-59-11.png
2024/04/05 22:59:23 /home/nightcat/Pictures/Screenshots/Screenshot from 2024-04-05 22-59-10-2.png
2024/04/05 22:59:23 /home/nightcat/Pictures/Screenshots/Screenshot from 2024-04-05 22-59-10-3.png
2024/04/05 22:59:23 /home/nightcat/Pictures/Screenshots/Screenshot from 2024-04-05 22-59-10-4.png
2024/04/05 22:59:23 /home/nightcat/Pictures/Screenshots/Screenshot from 2024-04-05 22-59-10-5.png
2024/04/05 22:59:23 /home/nightcat/Pictures/Screenshots/Screenshot from 2024-04-05 22-59-10-6.png
2024/04/05 22:59:23 /home/nightcat/Pictures/Screenshots/Screenshot from 2024-04-05 22-59-10.png
2024/04/05 22:59:23 /home/nightcat/Pictures/Screenshots/Screenshot from 2024-04-05 22-59-11-1.png
2024/04/05 22:59:23 /home/nightcat/Pictures/Screenshots/Screenshot from 2024-04-05 22-59-11-2.png
2024/04/05 22:59:23 /home/nightcat/Pictures/Screenshots/Screenshot from 2024-04-05 22-59-11-3.png
2024/04/05 22:59:23 /home/nightcat/Pictures/Screenshots/Screenshot from 2024-04-05 22-59-10-1.png
2024/04/05 22:59:23 /home/nightcat/Pictures/Screenshots/Screenshot from 2024-04-05 22-59-10-2.png
2024/04/05 22:59:23 /home/nightcat/Pictures/Screenshots/Screenshot from 2024-04-05 22-59-10-3.png
2024/04/05 22:59:23 /home/nightcat/Pictures/Screenshots/Screenshot from 2024-04-05 22-59-10-4.png
2024/04/05 22:59:23 /home/nightcat/Pictures/Screenshots/Screenshot from 2024-04-05 22-59-10-5.png
2024/04/05 22:59:23 /home/nightcat/Pictures/Screenshots/Screenshot from 2024-04-05 22-59-10-6.png
2024/04/05 22:59:23 /home/nightcat/Pictures/Screenshots/Screenshot from 2024-04-05 22-59-10.png
2024/04/05 22:59:23 /home/nightcat/Pictures/Screenshots/Screenshot from 2024-04-05 22-59-11-1.png
2024/04/05 22:59:23 /home/nightcat/Pictures/Screenshots/Screenshot from 2024-04-05 22-59-11-2.png
2024/04/05 22:59:23 /home/nightcat/Pictures/Screenshots/Screenshot from 2024-04-05 22-59-11-3.png
2024/04/05 22:59:23 /home/nightcat/Pictures/Screenshots/Screenshot from 2024-04-05 22-59-11-4.png
2024/04/05 22:59:23 /home/nightcat/Pictures/Screenshots/Screenshot from 2024-04-05 22-59-11-5.png
2024/04/05 22:59:23 /home/nightcat/Pictures/Screenshots/Screenshot from 2024-04-05 22-59-11.png
2024/04/05 22:59:23 /home/nightcat/Pictures/Screenshots/Screenshot from 2024-04-05 22-59-10-2.png
2024/04/05 22:59:23 /home/nightcat/Pictures/Screenshots/Screenshot from 2024-04-05 22-59-10-3.png
2024/04/05 22:59:23 /home/nightcat/Pictures/Screenshots/Screenshot from 2024-04-05 22-59-10-4.png
2024/04/05 22:59:23 /home/nightcat/Pictures/Screenshots/Screenshot from 2024-04-05 22-59-10-5.png
2024/04/05 22:59:23 /home/nightcat/Pictures/Screenshots/Screenshot from 2024-04-05 22-59-10-6.png
2024/04/05 22:59:23 /home/nightcat/Pictures/Screenshots/Screenshot from 2024-04-05 22-59-10.png
2024/04/05 22:59:23 /home/nightcat/Pictures/Screenshots/Screenshot from 2024-04-05 22-59-11-1.png
2024/04/05 22:59:23 /home/nightcat/Pictures/Screenshots/Screenshot from 2024-04-05 22-59-11-2.png
2024/04/05 22:59:23 /home/nightcat/Pictures/Screenshots/Screenshot from 2024-04-05 22-59-11-3.png
2024/04/05 22:59:23 /home/nightcat/Pictures/Screenshots/Screenshot from 2024-04-05 22-59-10-1.png
2024/04/05 22:59:23 /home/nightcat/Pictures/Screenshots/Screenshot from 2024-04-05 22-59-10-2.png
2024/04/05 22:59:23 /home/nightcat/Pictures/Screenshots/Screenshot from 2024-04-05 22-59-10-3.png
2024/04/05 22:59:23 /home/nightcat/Pictures/Screenshots/Screenshot from 2024-04-05 22-59-10-4.png
2024/04/05 22:59:23 /home/nightcat/Pictures/Screenshots/Screenshot from 2024-04-05 22-59-10-5.png
2024/04/05 22:59:23 /home/nightcat/Pictures/Screenshots/Screenshot from 2024-04-05 22-59-10-6.png
2024/04/05 22:59:23 /home/nightcat/Pictures/Screenshots/Screenshot from 2024-04-05 22-59-10.png
2024/04/05 22:59:23 /home/nightcat/Pictures/Screenshots/Screenshot from 2024-04-05 22-59-11-1.png
2024/04/05 22:59:23 /home/nightcat/Pictures/Screenshots/Screenshot from 2024-04-05 22-59-11-2.png
2024/04/05 22:59:23 /home/nightcat/Pictures/Screenshots/Screenshot from 2024-04-05 22-59-11-3.png
2024/04/05 22:59:23 /home/nightcat/Pictures/Screenshots/Screenshot from 2024-04-05 22-59-11-4.png
2024/04/05 22:59:23 /home/nightcat/Pictures/Screenshots/Screenshot from 2024-04-05 22-59-11-5.png
2024/04/05 22:59:23 /home/nightcat/Pictures/Screenshots/Screenshot from 2024-04-05 22-59-11.png
2024/04/05 22:59:24 /home/nightcat/Pictures/Screenshots/Screenshot from 2024-04-05 22-59-10-2.png
2024/04/05 22:59:24 /home/nightcat/Pictures/Screenshots/Screenshot from 2024-04-05 22-59-10-3.png
2024/04/05 22:59:24 /home/nightcat/Pictures/Screenshots/Screenshot from 2024-04-05 22-59-10-4.png
2024/04/05 22:59:24 /home/nightcat/Pictures/Screenshots/Screenshot from 2024-04-05 22-59-10-5.png
2024/04/05 22:59:24 /home/nightcat/Pictures/Screenshots/Screenshot from 2024-04-05 22-59-10-6.png
2024/04/05 22:59:24 /home/nightcat/Pictures/Screenshots/Screenshot from 2024-04-05 22-59-10.png
2024/04/05 22:59:24 /home/nightcat/Pictures/Screenshots/Screenshot from 2024-04-05 22-59-11-1.png
2024/04/05 22:59:24 /home/nightcat/Pictures/Screenshots/Screenshot from 2024-04-05 22-59-11-2.png
2024/04/05 22:59:24 /home/nightcat/Pictures/Screenshots/Screenshot from 2024-04-05 22-59-11-3.png
2024/04/05 22:59:24 /home/nightcat/Pictures/Screenshots/Screenshot from 2024-04-05 22-59-10-1.png
2024/04/05 22:59:24 /home/nightcat/Pictures/Screenshots/Screenshot from 2024-04-05 22-59-10-2.png
2024/04/05 22:59:24 /home/nightcat/Pictures/Screenshots/Screenshot from 2024-04-05 22-59-10-3.png
2024/04/05 22:59:24 /home/nightcat/Pictures/Screenshots/Screenshot from 2024-04-05 22-59-10-4.png
2024/04/05 22:59:24 /home/nightcat/Pictures/Screenshots/Screenshot from 2024-04-05 22-59-10-5.png
2024/04/05 22:59:24 /home/nightcat/Pictures/Screenshots/Screenshot from 2024-04-05 22-59-10-6.png
2024/04/05 22:59:24 /home/nightcat/Pictures/Screenshots/Screenshot from 2024-04-05 22-59-10.png
2024/04/05 22:59:24 /home/nightcat/Pictures/Screenshots/Screenshot from 2024-04-05 22-59-11-1.png
2024/04/05 22:59:24 /home/nightcat/Pictures/Screenshots/Screenshot from 2024-04-05 22-59-11-2.png
2024/04/05 22:59:24 /home/nightcat/Pictures/Screenshots/Screenshot from 2024-04-05 22-59-11-3.png
2024/04/05 22:59:24 /home/nightcat/Pictures/Screenshots/Screenshot from 2024-04-05 22-59-11-4.png
2024/04/05 22:59:24 /home/nightcat/Pictures/Screenshots/Screenshot from 2024-04-05 22-59-11-5.png
2024/04/05 22:59:24 /home/nightcat/Pictures/Screenshots/Screenshot from 2024-04-05 22-59-11.png
2024/04/05 22:59:33 /home/nightcat/Pictures/Screenshots
2024/04/05 22:59:41 /home/nightcat/Pictures/Screenshots
2024/04/05 22:59:52 rename /home/nightcat/Documents/Screenshots ./.superfile/trash/Screenshots: file exists
2024/04/05 22:59:54 rename /home/nightcat/Documents/Screenshots ./.superfile/trash/Screenshots: file exists
2024/04/05 23:00:13 /home/nightcat/Pictures/Screenshots/Screenshot from 2024-04-05 22-59-10(1).png
2024/04/05 23:00:13 /home/nightcat/Pictures/Screenshots/Screenshot from 2024-04-05 22-59-10(10).png
2024/04/05 23:00:13 /home/nightcat/Pictures/Screenshots/Screenshot from 2024-04-05 22-59-10(11).png
2024/04/05 23:00:13 /home/nightcat/Pictures/Screenshots/Screenshot from 2024-04-05 22-59-10(12).png
2024/04/05 23:00:13 /home/nightcat/Pictures/Screenshots/Screenshot from 2024-04-05 22-59-10(2).png
2024/04/05 23:00:13 /home/nightcat/Pictures/Screenshots/Screenshot from 2024-04-05 22-59-10(3).png
2024/04/05 23:00:13 /home/nightcat/Pictures/Screenshots/Screenshot from 2024-04-05 22-59-10(4).png
2024/04/05 23:00:13 /home/nightcat/Pictures/Screenshots/Screenshot from 2024-04-05 22-59-10(5).png
2024/04/05 23:00:13 /home/nightcat/Pictures/Screenshots/Screenshot from 2024-04-05 22-59-10(6).png
2024/04/05 23:00:13 /home/nightcat/Pictures/Screenshots/Screenshot from 2024-04-05 22-59-10(7).png
2024/04/05 23:00:13 /home/nightcat/Pictures/Screenshots/Screenshot from 2024-04-05 22-59-10(8).png
2024/04/05 23:00:13 /home/nightcat/Pictures/Screenshots/Screenshot from 2024-04-05 22-59-10(9).png
2024/04/05 23:00:13 /home/nightcat/Pictures/Screenshots/Screenshot from 2024-04-05 22-59-10-1(1).png
2024/04/05 23:00:13 /home/nightcat/Pictures/Screenshots/Screenshot from 2024-04-05 22-59-10-1(2).png
2024/04/05 23:00:13 /home/nightcat/Pictures/Screenshots/Screenshot from 2024-04-05 22-59-10-1(3).png
2024/04/05 23:00:13 /home/nightcat/Pictures/Screenshots/Screenshot from 2024-04-05 22-59-10-1(4).png
2024/04/05 23:00:13 /home/nightcat/Pictures/Screenshots/Screenshot from 2024-04-05 22-59-10-1(5).png
2024/04/05 23:00:13 /home/nightcat/Pictures/Screenshots/Screenshot from 2024-04-05 22-59-10-1(6).png
2024/04/05 23:00:13 /home/nightcat/Pictures/Screenshots/Screenshot from 2024-04-05 22-59-10-1.png
2024/04/05 23:00:13 /home/nightcat/Pictures/Screenshots/Screenshot from 2024-04-05 22-59-10-2(1).png
2024/04/05 23:00:13 /home/nightcat/Pictures/Screenshots/Screenshot from 2024-04-05 22-59-10-2(10).png
2024/04/05 23:00:13 /home/nightcat/Pictures/Screenshots/Screenshot from 2024-04-05 22-59-10-2(11).png
2024/04/05 23:00:13 /home/nightcat/Pictures/Screenshots/Screenshot from 2024-04-05 22-59-10-2(12).png
2024/04/05 23:00:13 /home/nightcat/Pictures/Screenshots/Screenshot from 2024-04-05 22-59-10-2(2).png
2024/04/05 23:00:13 /home/nightcat/Pictures/Screenshots/Screenshot from 2024-04-05 22-59-10-2(3).png
2024/04/05 23:00:13 /home/nightcat/Pictures/Screenshots/Screenshot from 2024-04-05 22-59-10-2(4).png
2024/04/05 23:00:13 /home/nightcat/Pictures/Screenshots/Screenshot from 2024-04-05 22-59-10-2(5).png
2024/04/05 23:00:13 /home/nightcat/Pictures/Screenshots/Screenshot from 2024-04-05 22-59-10-2(6).png
2024/04/05 23:00:13 /home/nightcat/Pictures/Screenshots/Screenshot from 2024-04-05 22-59-10-2(7).png
2024/04/05 23:00:13 /home/nightcat/Pictures/Screenshots/Screenshot from 2024-04-05 22-59-10-2(8).png
2024/04/05 23:00:13 /home/nightcat/Pictures/Screenshots/Screenshot from 2024-04-05 22-59-10-2(9).png
2024/04/05 23:00:13 /home/nightcat/Pictures/Screenshots/Screenshot from 2024-04-05 22-59-10-2.png
2024/04/05 23:00:13 /home/nightcat/Pictures/Screenshots/Screenshot from 2024-04-05 22-59-10-3(1).png
2024/04/05 23:00:13 /home/nightcat/Pictures/Screenshots/Screenshot from 2024-04-05 22-59-10-3(10).png
2024/04/05 23:00:13 /home/nightcat/Pictures/Screenshots/Screenshot from 2024-04-05 22-59-10-3(11).png
2024/04/05 23:00:13 /home/nightcat/Pictures/Screenshots/Screenshot from 2024-04-05 22-59-10-3(12).png
2024/04/05 23:00:13 /home/nightcat/Pictures/Screenshots/Screenshot from 2024-04-05 22-59-10-3(2).png
2024/04/05 23:00:13 /home/nightcat/Pictures/Screenshots/Screenshot from 2024-04-05 22-59-10-3(3).png
2024/04/05 23:00:13 /home/nightcat/Pictures/Screenshots/Screenshot from 2024-04-05 22-59-10-3(4).png
2024/04/05 23:00:13 /home/nightcat/Pictures/Screenshots/Screenshot from 2024-04-05 22-59-10-3(5).png
2024/04/05 23:00:13 /home/nightcat/Pictures/Screenshots/Screenshot from 2024-04-05 22-59-10-3(6).png
2024/04/05 23:00:13 /home/nightcat/Pictures/Screenshots/Screenshot from 2024-04-05 22-59-10-3(7).png
2024/04/05 23:00:13 /home/nightcat/Pictures/Screenshots/Screenshot from 2024-04-05 22-59-10-3(8).png
2024/04/05 23:00:13 /home/nightcat/Pictures/Screenshots/Screenshot from 2024-04-05 22-59-10-3(9).png
2024/04/05 23:00:13 /home/nightcat/Pictures/Screenshots/Screenshot from 2024-04-05 22-59-10-3.png
2024/04/05 23:00:13 /home/nightcat/Pictures/Screenshots/Screenshot from 2024-04-05 22-59-10-4(1).png
2024/04/05 23:00:13 /home/nightcat/Pictures/Screenshots/Screenshot from 2024-04-05 22-59-10-4(10).png
2024/04/05 23:00:13 /home/nightcat/Pictures/Screenshots/Screenshot from 2024-04-05 22-59-10-4(11).png
2024/04/05 23:00:13 /home/nightcat/Pictures/Screenshots/Screenshot from 2024-04-05 22-59-10-4(12).png
2024/04/05 23:00:13 /home/nightcat/Pictures/Screenshots/Screenshot from 2024-04-05 22-59-10-4(2).png
2024/04/05 23:00:13 /home/nightcat/Pictures/Screenshots/Screenshot from 2024-04-05 22-59-10-4(3).png
2024/04/05 23:00:13 /home/nightcat/Pictures/Screenshots/Screenshot from 2024-04-05 22-59-10-4(4).png
2024/04/05 23:00:13 /home/nightcat/Pictures/Screenshots/Screenshot from 2024-04-05 22-59-10-4(5).png
2024/04/05 23:00:13 /home/nightcat/Pictures/Screenshots/Screenshot from 2024-04-05 22-59-10-4(6).png
2024/04/05 23:00:13 /home/nightcat/Pictures/Screenshots/Screenshot from 2024-04-05 22-59-10-4(7).png
2024/04/05 23:00:13 /home/nightcat/Pictures/Screenshots/Screenshot from 2024-04-05 22-59-10-4(8).png
2024/04/05 23:00:13 /home/nightcat/Pictures/Screenshots/Screenshot from 2024-04-05 22-59-10-4(9).png
2024/04/05 23:00:13 /home/nightcat/Pictures/Screenshots/Screenshot from 2024-04-05 22-59-10-4.png
2024/04/05 23:00:13 /home/nightcat/Pictures/Screenshots/Screenshot from 2024-04-05 22-59-10-5(1).png
2024/04/05 23:00:13 /home/nightcat/Pictures/Screenshots/Screenshot from 2024-04-05 22-59-10-5(10).png
2024/04/05 23:00:13 /home/nightcat/Pictures/Screenshots/Screenshot from 2024-04-05 22-59-10-5(11).png
2024/04/05 23:00:13 /home/nightcat/Pictures/Screenshots/Screenshot from 2024-04-05 22-59-10-5(12).png
2024/04/05 23:00:13 /home/nightcat/Pictures/Screenshots/Screenshot from 2024-04-05 22-59-10-5(2).png
2024/04/05 23:00:13 /home/nightcat/Pictures/Screenshots/Screenshot from 2024-04-05 22-59-10-5(3).png
2024/04/05 23:00:13 /home/nightcat/Pictures/Screenshots/Screenshot from 2024-04-05 22-59-10-5(4).png
2024/04/05 23:00:13 /home/nightcat/Pictures/Screenshots/Screenshot from 2024-04-05 22-59-10-5(5).png
2024/04/05 23:00:13 /home/nightcat/Pictures/Screenshots/Screenshot from 2024-04-05 22-59-10-5(6).png
2024/04/05 23:00:13 /home/nightcat/Pictures/Screenshots/Screenshot from 2024-04-05 22-59-10-5(7).png
2024/04/05 23:00:13 /home/nightcat/Pictures/Screenshots/Screenshot from 2024-04-05 22-59-10-5(8).png
2024/04/05 23:00:13 /home/nightcat/Pictures/Screenshots/Screenshot from 2024-04-05 22-59-10-5(9).png
2024/04/05 23:00:13 /home/nightcat/Pictures/Screenshots/Screenshot from 2024-04-05 22-59-10-5.png
2024/04/05 23:00:13 /home/nightcat/Pictures/Screenshots/Screenshot from 2024-04-05 22-59-10-6(1).png
2024/04/05 23:00:13 /home/nightcat/Pictures/Screenshots/Screenshot from 2024-04-05 22-59-10-6(10).png
2024/04/05 23:00:13 /home/nightcat/Pictures/Screenshots/Screenshot from 2024-04-05 22-59-10-6(11).png
2024/04/05 23:00:13 /home/nightcat/Pictures/Screenshots/Screenshot from 2024-04-05 22-59-10-6(12).png
2024/04/05 23:00:13 /home/nightcat/Pictures/Screenshots/Screenshot from 2024-04-05 22-59-10-6(2).png
2024/04/05 23:00:13 /home/nightcat/Pictures/Screenshots/Screenshot from 2024-04-05 22-59-10-6(3).png
2024/04/05 23:00:13 /home/nightcat/Pictures/Screenshots/Screenshot from 2024-04-05 22-59-10-6(4).png
2024/04/05 23:00:13 /home/nightcat/Pictures/Screenshots/Screenshot from 2024-04-05 22-59-10-6(5).png
2024/04/05 23:00:13 /home/nightcat/Pictures/Screenshots/Screenshot from 2024-04-05 22-59-10-6(6).png
2024/04/05 23:00:13 /home/nightcat/Pictures/Screenshots/Screenshot from 2024-04-05 22-59-10-6(7).png
2024/04/05 23:00:13 /home/nightcat/Pictures/Screenshots/Screenshot from 2024-04-05 22-59-10-6(8).png
2024/04/05 23:00:13 /home/nightcat/Pictures/Screenshots/Screenshot from 2024-04-05 22-59-10-6(9).png
2024/04/05 23:00:13 /home/nightcat/Pictures/Screenshots/Screenshot from 2024-04-05 22-59-10-6.png
2024/04/05 23:00:13 /home/nightcat/Pictures/Screenshots/Screenshot from 2024-04-05 22-59-10.png
2024/04/05 23:00:13 /home/nightcat/Pictures/Screenshots/Screenshot from 2024-04-05 22-59-11(1).png
2024/04/05 23:00:13 /home/nightcat/Pictures/Screenshots/Screenshot from 2024-04-05 22-59-11(2).png
2024/04/05 23:00:13 /home/nightcat/Pictures/Screenshots/Screenshot from 2024-04-05 22-59-11(3).png
2024/04/05 23:00:13 /home/nightcat/Pictures/Screenshots/Screenshot from 2024-04-05 22-59-11(4).png
2024/04/05 23:00:13 /home/nightcat/Pictures/Screenshots/Screenshot from 2024-04-05 22-59-11(5).png
2024/04/05 23:00:13 /home/nightcat/Pictures/Screenshots/Screenshot from 2024-04-05 22-59-11(6).png
2024/04/05 23:00:13 /home/nightcat/Pictures/Screenshots/Screenshot from 2024-04-05 22-59-11-1(1).png
2024/04/05 23:00:13 /home/nightcat/Pictures/Screenshots/Screenshot from 2024-04-05 22-59-11-1(10).png
2024/04/05 23:00:13 /home/nightcat/Pictures/Screenshots/Screenshot from 2024-04-05 22-59-11-1(11).png
2024/04/05 23:00:13 /home/nightcat/Pictures/Screenshots/Screenshot from 2024-04-05 22-59-11-1(12).png
2024/04/05 23:00:13 /home/nightcat/Pictures/Screenshots/Screenshot from 2024-04-05 22-59-11-1(2).png
2024/04/05 23:00:13 /home/nightcat/Pictures/Screenshots/Screenshot from 2024-04-05 22-59-11-1(3).png
2024/04/05 23:00:13 /home/nightcat/Pictures/Screenshots/Screenshot from 2024-04-05 22-59-11-1(4).png
2024/04/05 23:00:13 /home/nightcat/Pictures/Screenshots/Screenshot from 2024-04-05 22-59-11-1(5).png
2024/04/05 23:00:13 /home/nightcat/Pictures/Screenshots/Screenshot from 2024-04-05 22-59-11-1(6).png
2024/04/05 23:00:13 /home/nightcat/Pictures/Screenshots/Screenshot from 2024-04-05 22-59-11-1(7).png
2024/04/05 23:00:13 /home/nightcat/Pictures/Screenshots/Screenshot from 2024-04-05 22-59-11-1(8).png
2024/04/05 23:00:13 /home/nightcat/Pictures/Screenshots/Screenshot from 2024-04-05 22-59-11-1(9).png
2024/04/05 23:00:13 /home/nightcat/Pictures/Screenshots/Screenshot from 2024-04-05 22-59-11-1.png
2024/04/05 23:00:13 /home/nightcat/Pictures/Screenshots/Screenshot from 2024-04-05 22-59-11-2(1).png
2024/04/05 23:00:13 /home/nightcat/Pictures/Screenshots/Screenshot from 2024-04-05 22-59-11-2(10).png
2024/04/05 23:00:13 /home/nightcat/Pictures/Screenshots/Screenshot from 2024-04-05 22-59-11-2(11).png
2024/04/05 23:00:13 /home/nightcat/Pictures/Screenshots/Screenshot from 2024-04-05 22-59-11-2(12).png
2024/04/05 23:00:13 /home/nightcat/Pictures/Screenshots/Screenshot from 2024-04-05 22-59-11-2(2).png
2024/04/05 23:00:13 /home/nightcat/Pictures/Screenshots/Screenshot from 2024-04-05 22-59-11-2(3).png
2024/04/05 23:00:13 /home/nightcat/Pictures/Screenshots/Screenshot from 2024-04-05 22-59-11-2(4).png
2024/04/05 23:00:13 /home/nightcat/Pictures/Screenshots/Screenshot from 2024-04-05 22-59-11-2(5).png
2024/04/05 23:00:13 /home/nightcat/Pictures/Screenshots/Screenshot from 2024-04-05 22-59-11-2(6).png
2024/04/05 23:00:13 /home/nightcat/Pictures/Screenshots/Screenshot from 2024-04-05 22-59-11-2(7).png
2024/04/05 23:00:13 /home/nightcat/Pictures/Screenshots/Screenshot from 2024-04-05 22-59-11-2(8).png
2024/04/05 23:00:13 /home/nightcat/Pictures/Screenshots/Screenshot from 2024-04-05 22-59-11-2(9).png
2024/04/05 23:00:13 /home/nightcat/Pictures/Screenshots/Screenshot from 2024-04-05 22-59-11-2.png
2024/04/05 23:00:13 /home/nightcat/Pictures/Screenshots/Screenshot from 2024-04-05 22-59-11-3(1).png
2024/04/05 23:00:13 /home/nightcat/Pictures/Screenshots/Screenshot from 2024-04-05 22-59-11-3(10).png
2024/04/05 23:00:13 /home/nightcat/Pictures/Screenshots/Screenshot from 2024-04-05 22-59-11-3(11).png
2024/04/05 23:00:13 /home/nightcat/Pictures/Screenshots/Screenshot from 2024-04-05 22-59-11-3(12).png
2024/04/05 23:00:13 /home/nightcat/Pictures/Screenshots/Screenshot from 2024-04-05 22-59-11-3(2).png
2024/04/05 23:00:13 /home/nightcat/Pictures/Screenshots/Screenshot from 2024-04-05 22-59-11-3(3).png
2024/04/05 23:00:13 /home/nightcat/Pictures/Screenshots/Screenshot from 2024-04-05 22-59-11-3(4).png
2024/04/05 23:00:13 /home/nightcat/Pictures/Screenshots/Screenshot from 2024-04-05 22-59-11-3(5).png
2024/04/05 23:00:13 /home/nightcat/Pictures/Screenshots/Screenshot from 2024-04-05 22-59-11-3(6).png
2024/04/05 23:00:13 /home/nightcat/Pictures/Screenshots/Screenshot from 2024-04-05 22-59-11-3(7).png
2024/04/05 23:00:13 /home/nightcat/Pictures/Screenshots/Screenshot from 2024-04-05 22-59-11-3(8).png
2024/04/05 23:00:13 /home/nightcat/Pictures/Screenshots/Screenshot from 2024-04-05 22-59-11-3(9).png
2024/04/05 23:00:13 /home/nightcat/Pictures/Screenshots/Screenshot from 2024-04-05 22-59-11-3.png
2024/04/05 23:00:13 /home/nightcat/Pictures/Screenshots/Screenshot from 2024-04-05 22-59-11-4(1).png
2024/04/05 23:00:13 /home/nightcat/Pictures/Screenshots/Screenshot from 2024-04-05 22-59-11-4(2).png
2024/04/05 23:00:13 /home/nightcat/Pictures/Screenshots/Screenshot from 2024-04-05 22-59-11-4(3).png
2024/04/05 23:00:13 /home/nightcat/Pictures/Screenshots/Screenshot from 2024-04-05 22-59-11-4(4).png
2024/04/05 23:00:13 /home/nightcat/Pictures/Screenshots/Screenshot from 2024-04-05 22-59-11-4(5).png
2024/04/05 23:00:13 /home/nightcat/Pictures/Screenshots/Screenshot from 2024-04-05 22-59-11-4(6).png
2024/04/05 23:00:13 /home/nightcat/Pictures/Screenshots/Screenshot from 2024-04-05 22-59-11-4.png
2024/04/05 23:00:13 /home/nightcat/Pictures/Screenshots/Screenshot from 2024-04-05 22-59-11-5(1).png
2024/04/05 23:00:13 /home/nightcat/Pictures/Screenshots/Screenshot from 2024-04-05 22-59-11-5(2).png
2024/04/05 23:00:13 /home/nightcat/Pictures/Screenshots/Screenshot from 2024-04-05 22-59-11-5(3).png
2024/04/05 23:00:13 /home/nightcat/Pictures/Screenshots/Screenshot from 2024-04-05 22-59-11-5(4).png
2024/04/05 23:00:13 /home/nightcat/Pictures/Screenshots/Screenshot from 2024-04-05 22-59-11-5(5).png
2024/04/05 23:00:13 /home/nightcat/Pictures/Screenshots/Screenshot from 2024-04-05 22-59-11-5(6).png
2024/04/05 23:00:13 /home/nightcat/Pictures/Screenshots/Screenshot from 2024-04-05 22-59-11-5.png
2024/04/05 23:00:13 /home/nightcat/Pictures/Screenshots/Screenshot from 2024-04-05 22-59-11.png
2024/04/05 23:00:42 /home/nightcat/Pictures/Screenshots
2024/04/05 23:12:50 /home/nightcat/Videos/Screencasts
2024/04/05 23:13:18 rename /home/nightcat/Documents/Screenshots ./.superfile/trash/Screenshots: file exists
2024/04/05 23:13:26 /home/nightcat/Pictures/Screenshots
2024/04/05 23:14:36 /home/nightcat/Downloads/game of thrones
2024/04/05 23:14:52 /run/media/nightcat/Movie HHD/影集/權力遊戲
